2021-11-10 08:15:37.805+0000 WARN [o.n.i.p.PageCache] The dbms.memory.pagecache.size setting has not been configured. It is recommended that this setting is always explicitly configured, to ensure the system has a balanced configuration. Until then, a computed heuristic value of 3221225472 bytes will be used instead. Run `neo4j-admin memrec` for memory configuration suggestions.
2021-11-10 08:15:38.798+0000 INFO [o.n.k.i.f.CommunityEditionModule] No locking implementation specified, defaulting to 'community'
2021-11-10 08:15:40.354+0000 INFO [o.n.k.AvailabilityGuard] Requirement makes database unavailable: Database available
2021-11-10 08:15:40.396+0000 INFO [o.n.k.i.DiagnosticsManager] --- INITIALIZED diagnostics START ---
2021-11-10 08:15:40.396+0000 INFO [o.n.k.i.DiagnosticsManager] Neo4j Kernel properties:
2021-11-10 08:15:40.396+0000 INFO [o.n.k.i.DiagnosticsManager] dbms.connector.http.enabled=true
2021-11-10 08:15:40.396+0000 INFO [o.n.k.i.DiagnosticsManager] dbms.security.auth_enabled=false
2021-11-10 08:15:40.396+0000 INFO [o.n.k.i.DiagnosticsManager] dbms.windows_service_name=neo4j
2021-11-10 08:15:40.397+0000 INFO [o.n.k.i.DiagnosticsManager] dbms.connector.http.listen_address=localhost:7474
2021-11-10 08:15:40.397+0000 INFO [o.n.k.i.DiagnosticsManager] dbms.connector.https.listen_address=localhost:7473
2021-11-10 08:15:40.397+0000 INFO [o.n.k.i.DiagnosticsManager] unsupported.dbms.directories.neo4j_home=/Users/ryobo/Desktop/task3/myapp/db/neo4j/development
2021-11-10 08:15:40.397+0000 INFO [o.n.k.i.DiagnosticsManager] dbms.connector.bolt.listen_address=localhost:7472
2021-11-10 08:15:40.397+0000 INFO [o.n.k.i.DiagnosticsManager] dbms.directories.import=import
2021-11-10 08:15:40.397+0000 INFO [o.n.k.i.DiagnosticsManager] unsupported.dbms.edition=community
2021-11-10 08:15:40.397+0000 INFO [o.n.k.i.DiagnosticsManager] dbms.connector.bolt.enabled=true
2021-11-10 08:15:40.398+0000 INFO [o.n.k.i.DiagnosticsManager] dbms.connector.https.enabled=false
2021-11-10 08:15:40.398+0000 INFO [o.n.k.i.DiagnosticsManager] dbms.jvm.additional=-Dunsupported.dbms.udc.source=tarball
2021-11-10 08:15:40.398+0000 INFO [o.n.k.i.DiagnosticsManager] dbms.tx_log.rotation.retention_policy=1 days
2021-11-10 08:15:40.398+0000 INFO [o.n.k.i.DiagnosticsManager] Diagnostics providers:
2021-11-10 08:15:40.398+0000 INFO [o.n.k.i.DiagnosticsManager] org.neo4j.kernel.configuration.Config
2021-11-10 08:15:40.398+0000 INFO [o.n.k.i.DiagnosticsManager] org.neo4j.kernel.info.DiagnosticsManager
2021-11-10 08:15:40.398+0000 INFO [o.n.k.i.DiagnosticsManager] SYSTEM_MEMORY
2021-11-10 08:15:40.399+0000 INFO [o.n.k.i.DiagnosticsManager] JAVA_MEMORY
2021-11-10 08:15:40.399+0000 INFO [o.n.k.i.DiagnosticsManager] OPERATING_SYSTEM
2021-11-10 08:15:40.402+0000 INFO [o.n.k.i.DiagnosticsManager] JAVA_VIRTUAL_MACHINE
2021-11-10 08:15:40.402+0000 INFO [o.n.k.i.DiagnosticsManager] CLASSPATH
2021-11-10 08:15:40.403+0000 INFO [o.n.k.i.DiagnosticsManager] LIBRARY_PATH
2021-11-10 08:15:40.403+0000 INFO [o.n.k.i.DiagnosticsManager] SYSTEM_PROPERTIES
2021-11-10 08:15:40.403+0000 INFO [o.n.k.i.DiagnosticsManager] TIMEZONE_DATABASE
2021-11-10 08:15:40.403+0000 INFO [o.n.k.i.DiagnosticsManager] NETWORK
2021-11-10 08:15:40.403+0000 INFO [o.n.k.i.DiagnosticsManager] System memory information:
2021-11-10 08:15:40.411+0000 INFO [o.n.k.i.DiagnosticsManager] Total Physical memory: 8.00 GB
2021-11-10 08:15:40.412+0000 INFO [o.n.k.i.DiagnosticsManager] Free Physical memory: 27.93 MB
2021-11-10 08:15:40.413+0000 INFO [o.n.k.i.DiagnosticsManager] Committed virtual memory: 7.57 GB
2021-11-10 08:15:40.414+0000 INFO [o.n.k.i.DiagnosticsManager] Total swap space: 1.00 GB
2021-11-10 08:15:40.415+0000 INFO [o.n.k.i.DiagnosticsManager] Free swap space: 580.50 MB
2021-11-10 08:15:40.415+0000 INFO [o.n.k.i.DiagnosticsManager] JVM memory information:
2021-11-10 08:15:40.416+0000 INFO [o.n.k.i.DiagnosticsManager] Free  memory: 61.05 MB
2021-11-10 08:15:40.416+0000 INFO [o.n.k.i.DiagnosticsManager] Total memory: 128.00 MB
2021-11-10 08:15:40.416+0000 INFO [o.n.k.i.DiagnosticsManager] Max   memory: 2.00 GB
2021-11-10 08:15:40.426+0000 INFO [o.n.k.i.DiagnosticsManager] Garbage Collector: G1 Young Generation: [G1 Eden Space, G1 Survivor Space, G1 Old Gen]
2021-11-10 08:15:40.426+0000 INFO [o.n.k.i.DiagnosticsManager] Garbage Collector: G1 Old Generation: [G1 Eden Space, G1 Survivor Space, G1 Old Gen]
2021-11-10 08:15:40.429+0000 INFO [o.n.k.i.DiagnosticsManager] Memory Pool: Code Cache (Non-heap memory): committed=5.69 MB, used=5.62 MB, max=240.00 MB, threshold=0.00 B
2021-11-10 08:15:40.429+0000 INFO [o.n.k.i.DiagnosticsManager] Memory Pool: Metaspace (Non-heap memory): committed=15.38 MB, used=14.42 MB, max=-1.00 B, threshold=0.00 B
2021-11-10 08:15:40.430+0000 INFO [o.n.k.i.DiagnosticsManager] Memory Pool: Compressed Class Space (Non-heap memory): committed=2.13 MB, used=1.90 MB, max=1.00 GB, threshold=0.00 B
2021-11-10 08:15:40.430+0000 INFO [o.n.k.i.DiagnosticsManager] Memory Pool: G1 Eden Space (Heap memory): committed=77.00 MB, used=62.00 MB, max=-1.00 B, threshold=?
2021-11-10 08:15:40.430+0000 INFO [o.n.k.i.DiagnosticsManager] Memory Pool: G1 Survivor Space (Heap memory): committed=3.00 MB, used=3.00 MB, max=-1.00 B, threshold=?
2021-11-10 08:15:40.430+0000 INFO [o.n.k.i.DiagnosticsManager] Memory Pool: G1 Old Gen (Heap memory): committed=48.00 MB, used=1.95 MB, max=2.00 GB, threshold=0.00 B
2021-11-10 08:15:40.431+0000 INFO [o.n.k.i.DiagnosticsManager] Operating system information:
2021-11-10 08:15:40.441+0000 INFO [o.n.k.i.DiagnosticsManager] Operating System: Mac OS X; version: 10.15.7; arch: x86_64; cpus: 4
2021-11-10 08:15:40.444+0000 INFO [o.n.k.i.DiagnosticsManager] Max number of file descriptors: 10240
2021-11-10 08:15:40.445+0000 INFO [o.n.k.i.DiagnosticsManager] Number of open file descriptors: 118
2021-11-10 08:15:40.581+0000 INFO [o.n.k.i.DiagnosticsManager] Process id: 7761@aebaryouheinoMacBook-ea.local
2021-11-10 08:15:40.581+0000 INFO [o.n.k.i.DiagnosticsManager] Byte order: LITTLE_ENDIAN
2021-11-10 08:15:40.590+0000 INFO [o.n.k.i.DiagnosticsManager] Local timezone: Asia/Tokyo
2021-11-10 08:15:40.590+0000 INFO [o.n.k.i.DiagnosticsManager] JVM information:
2021-11-10 08:15:40.590+0000 INFO [o.n.k.i.DiagnosticsManager] VM Name: OpenJDK 64-Bit Server VM
2021-11-10 08:15:40.590+0000 INFO [o.n.k.i.DiagnosticsManager] VM Vendor: AdoptOpenJDK
2021-11-10 08:15:40.590+0000 INFO [o.n.k.i.DiagnosticsManager] VM Version: 25.292-b10
2021-11-10 08:15:40.591+0000 INFO [o.n.k.i.DiagnosticsManager] JIT compiler: HotSpot 64-Bit Tiered Compilers
2021-11-10 08:15:40.592+0000 INFO [o.n.k.i.DiagnosticsManager] VM Arguments: [-XX:+UseG1GC, -XX:-OmitStackTraceInFastThrow, -XX:+AlwaysPreTouch, -XX:+UnlockExperimentalVMOptions, -XX:+TrustFinalNonStaticFields, -XX:+DisableExplicitGC, -Djdk.tls.ephemeralDHKeySize=2048, -Djdk.tls.rejectClientInitiatedRenegotiation=true, -Dunsupported.dbms.udc.source=tarball, -Dfile.encoding=UTF-8]
2021-11-10 08:15:40.592+0000 INFO [o.n.k.i.DiagnosticsManager] Java classpath:
2021-11-10 08:15:40.594+0000 INFO [o.n.k.i.DiagnosticsManager]  [classpath + loader.0] file:/Users/ryobo/Desktop/task3/myapp/db/neo4j/development/lib/neo4j-primitive-collections-3.4.1.jar
2021-11-10 08:15:40.594+0000 INFO [o.n.k.i.DiagnosticsManager]  [classpath + loader.0] file:/Users/ryobo/Desktop/task3/myapp/db/neo4j/development/lib/neo4j-cypher-compiler-3.1-3.1.8.jar
2021-11-10 08:15:40.594+0000 INFO [o.n.k.i.DiagnosticsManager]  [classpath + loader.0] file:/Users/ryobo/Desktop/task3/myapp/db/neo4j/development/lib/neo4j-procedure-api-3.4.1.jar
2021-11-10 08:15:40.594+0000 INFO [o.n.k.i.DiagnosticsManager]  [classpath + loader.0] file:/Users/ryobo/Desktop/task3/myapp/db/neo4j/development/lib/neo4j-index-3.4.1.jar
2021-11-10 08:15:40.594+0000 INFO [o.n.k.i.DiagnosticsManager]  [classpath + loader.0] file:/Users/ryobo/Desktop/task3/myapp/db/neo4j/development/lib/neo4j-kernel-3.4.1.jar
2021-11-10 08:15:40.594+0000 INFO [o.n.k.i.DiagnosticsManager]  [classpath + loader.0] file:/Users/ryobo/Desktop/task3/myapp/db/neo4j/development/lib/openCypher-frontend-1-3.4.1.jar
2021-11-10 08:15:40.594+0000 INFO [o.n.k.i.DiagnosticsManager]  [classpath + loader.0] file:/Users/ryobo/Desktop/task3/myapp/db/neo4j/development/lib/jetty-server-9.4.8.v20171121.jar
2021-11-10 08:15:40.594+0000 INFO [o.n.k.i.DiagnosticsManager]  [loader.1] file:/Library/Java/JavaVirtualMachines/adoptopenjdk-8.jdk/Contents/Home/jre/lib/ext/cldrdata.jar
2021-11-10 08:15:40.595+0000 INFO [o.n.k.i.DiagnosticsManager]  [classpath + loader.0] file:/Users/ryobo/Desktop/task3/myapp/db/neo4j/development/lib/jsr311-api-1.1.2.r612.jar
2021-11-10 08:15:40.595+0000 INFO [o.n.k.i.DiagnosticsManager]  [bootstrap] /Library/Java/JavaVirtualMachines/adoptopenjdk-8.jdk/Contents/Home/jre/lib/jfr.jar
2021-11-10 08:15:40.595+0000 INFO [o.n.k.i.DiagnosticsManager]  [classpath + loader.0] file:/Users/ryobo/Desktop/task3/myapp/db/neo4j/development/lib/lucene-core-5.5.5.jar
2021-11-10 08:15:40.595+0000 INFO [o.n.k.i.DiagnosticsManager]  [classpath + loader.0] file:/Users/ryobo/Desktop/task3/myapp/db/neo4j/development/lib/neo4j-logging-3.4.1.jar
2021-11-10 08:15:40.595+0000 INFO [o.n.k.i.DiagnosticsManager]  [classpath + loader.0] file:/Users/ryobo/Desktop/task3/myapp/db/neo4j/development/lib/commons-io-2.6.jar
2021-11-10 08:15:40.595+0000 INFO [o.n.k.i.DiagnosticsManager]  [classpath + loader.0] file:/Users/ryobo/Desktop/task3/myapp/db/neo4j/development/plugins/*
2021-11-10 08:15:40.595+0000 INFO [o.n.k.i.DiagnosticsManager]  [bootstrap] /Library/Java/JavaVirtualMachines/adoptopenjdk-8.jdk/Contents/Home/jre/classes
2021-11-10 08:15:40.595+0000 INFO [o.n.k.i.DiagnosticsManager]  [classpath + loader.0] file:/Users/ryobo/Desktop/task3/myapp/db/neo4j/development/lib/neo4j-kernel-api-3.4.1.jar
2021-11-10 08:15:40.595+0000 INFO [o.n.k.i.DiagnosticsManager]  [classpath + loader.0] file:/Users/ryobo/Desktop/task3/myapp/db/neo4j/development/lib/neo4j-cypher-planner-spi-3.4-3.4.1.jar
2021-11-10 08:15:40.595+0000 INFO [o.n.k.i.DiagnosticsManager]  [classpath + loader.0] file:/Users/ryobo/Desktop/task3/myapp/db/neo4j/development/lib/neo4j-unsafe-3.4.1.jar
2021-11-10 08:15:40.595+0000 INFO [o.n.k.i.DiagnosticsManager]  [classpath + loader.0] file:/Users/ryobo/Desktop/task3/myapp/db/neo4j/development/lib/bcpkix-jdk15on-1.59.jar
2021-11-10 08:15:40.595+0000 INFO [o.n.k.i.DiagnosticsManager]  [classpath + loader.0] file:/Users/ryobo/Desktop/task3/myapp/db/neo4j/development/lib/neo4j-cypher-frontend-3.1-3.1.8.jar
2021-11-10 08:15:40.595+0000 INFO [o.n.k.i.DiagnosticsManager]  [classpath + loader.0] file:/Users/ryobo/Desktop/task3/myapp/db/neo4j/development/lib/scala-reflect-2.11.12.jar
2021-11-10 08:15:40.595+0000 INFO [o.n.k.i.DiagnosticsManager]  [classpath + loader.0] file:/Users/ryobo/Desktop/task3/myapp/db/neo4j/development/lib/neo4j-graphdb-api-3.4.1.jar
2021-11-10 08:15:40.595+0000 INFO [o.n.k.i.DiagnosticsManager]  [classpath + loader.0] file:/Users/ryobo/Desktop/task3/myapp/db/neo4j/development/lib/neo4j-csv-3.4.1.jar
2021-11-10 08:15:40.596+0000 INFO [o.n.k.i.DiagnosticsManager]  [classpath + loader.0] file:/Users/ryobo/Desktop/task3/myapp/db/neo4j/development/lib/neo4j-configuration-3.4.1.jar
2021-11-10 08:15:40.596+0000 INFO [o.n.k.i.DiagnosticsManager]  [classpath + loader.0] file:/Users/ryobo/Desktop/task3/myapp/db/neo4j/development/lib/jline-2.12.jar
2021-11-10 08:15:40.596+0000 INFO [o.n.k.i.DiagnosticsManager]  [classpath + loader.0] file:/Users/ryobo/Desktop/task3/myapp/db/neo4j/development/conf/
2021-11-10 08:15:40.596+0000 INFO [o.n.k.i.DiagnosticsManager]  [classpath + loader.0] file:/Users/ryobo/Desktop/task3/myapp/db/neo4j/development/lib/commons-logging-1.1.1.jar
2021-11-10 08:15:40.596+0000 INFO [o.n.k.i.DiagnosticsManager]  [classpath + loader.0] file:/Users/ryobo/Desktop/task3/myapp/db/neo4j/development/lib/neo4j-cypher-util-3.4-3.4.1.jar
2021-11-10 08:15:40.596+0000 INFO [o.n.k.i.DiagnosticsManager]  [classpath + loader.0] file:/Users/ryobo/Desktop/task3/myapp/db/neo4j/development/lib/neo4j-consistency-check-3.4.1.jar
2021-11-10 08:15:40.596+0000 INFO [o.n.k.i.DiagnosticsManager]  [classpath + loader.0] file:/Users/ryobo/Desktop/task3/myapp/db/neo4j/development/lib/neo4j-lucene-upgrade-3.4.1.jar
2021-11-10 08:15:40.596+0000 INFO [o.n.k.i.DiagnosticsManager]  [classpath + loader.0] file:/Users/ryobo/Desktop/task3/myapp/db/neo4j/development/lib/jetty-io-9.4.8.v20171121.jar
2021-11-10 08:15:40.596+0000 INFO [o.n.k.i.DiagnosticsManager]  [classpath + loader.0] file:/Users/ryobo/Desktop/task3/myapp/db/neo4j/development/lib/neo4j-dbms-3.4.1.jar
2021-11-10 08:15:40.596+0000 INFO [o.n.k.i.DiagnosticsManager]  [classpath + loader.0] file:/Users/ryobo/Desktop/task3/myapp/db/neo4j/development/lib/neo4j-command-line-3.4.1.jar
2021-11-10 08:15:40.596+0000 INFO [o.n.k.i.DiagnosticsManager]  [classpath + loader.0] file:/Users/ryobo/Desktop/task3/myapp/db/neo4j/development/lib/neo4j-cypher-ir-3.4-3.4.1.jar
2021-11-10 08:15:40.596+0000 INFO [o.n.k.i.DiagnosticsManager]  [classpath + loader.0] file:/Users/ryobo/Desktop/task3/myapp/db/neo4j/development/lib/parboiled-core-1.1.7.jar
2021-11-10 08:15:40.596+0000 INFO [o.n.k.i.DiagnosticsManager]  [classpath + loader.0] file:/Users/ryobo/Desktop/task3/myapp/db/neo4j/development/lib/neo4j-cypher-logical-plans-3.4-3.4.1.jar
2021-11-10 08:15:40.596+0000 INFO [o.n.k.i.DiagnosticsManager]  [loader.1] file:/Library/Java/JavaVirtualMachines/adoptopenjdk-8.jdk/Contents/Home/jre/lib/ext/jaccess.jar
2021-11-10 08:15:40.596+0000 INFO [o.n.k.i.DiagnosticsManager]  [classpath + loader.0] file:/Users/ryobo/Desktop/task3/myapp/db/neo4j/development/lib/WMI4Java-1.6.1.jar
2021-11-10 08:15:40.596+0000 INFO [o.n.k.i.DiagnosticsManager]  [classpath + loader.0] file:/Users/ryobo/Desktop/task3/myapp/db/neo4j/development/lib/neo4j-cypher-frontend-2.3-2.3.12.jar
2021-11-10 08:15:40.596+0000 INFO [o.n.k.i.DiagnosticsManager]  [classpath + loader.0] file:/Users/ryobo/Desktop/task3/myapp/db/neo4j/development/lib/neo4j-values-3.4.1.jar
2021-11-10 08:15:40.596+0000 INFO [o.n.k.i.DiagnosticsManager]  [bootstrap] /Library/Java/JavaVirtualMachines/adoptopenjdk-8.jdk/Contents/Home/jre/lib/jce.jar
2021-11-10 08:15:40.597+0000 INFO [o.n.k.i.DiagnosticsManager]  [classpath + loader.0] file:/Users/ryobo/Desktop/task3/myapp/db/neo4j/development/lib/jersey-core-1.19.3.jar
2021-11-10 08:15:40.597+0000 INFO [o.n.k.i.DiagnosticsManager]  [classpath + loader.0] file:/Users/ryobo/Desktop/task3/myapp/db/neo4j/development/lib/jetty-util-9.4.8.v20171121.jar
2021-11-10 08:15:40.597+0000 INFO [o.n.k.i.DiagnosticsManager]  [classpath + loader.0] file:/Users/ryobo/Desktop/task3/myapp/db/neo4j/development/lib/neo4j-spatial-index-3.4.1.jar
2021-11-10 08:15:40.597+0000 INFO [o.n.k.i.DiagnosticsManager]  [classpath + loader.0] file:/Users/ryobo/Desktop/task3/myapp/db/neo4j/development/lib/neo4j-common-3.4.1.jar
2021-11-10 08:15:40.597+0000 INFO [o.n.k.i.DiagnosticsManager]  [classpath + loader.0] file:/Users/ryobo/Desktop/task3/myapp/db/neo4j/development/lib/jetty-xml-9.4.8.v20171121.jar
2021-11-10 08:15:40.597+0000 INFO [o.n.k.i.DiagnosticsManager]  [classpath + loader.0] file:/Users/ryobo/Desktop/task3/myapp/db/neo4j/development/lib/neo4j-shell-3.4.1.jar
2021-11-10 08:15:40.597+0000 INFO [o.n.k.i.DiagnosticsManager]  [classpath + loader.0] file:/Users/ryobo/Desktop/task3/myapp/db/neo4j/development/lib/jackson-core-asl-1.9.13.jar
2021-11-10 08:15:40.597+0000 INFO [o.n.k.i.DiagnosticsManager]  [classpath + loader.0] file:/Users/ryobo/Desktop/task3/myapp/db/neo4j/development/lib/lucene-codecs-5.5.5.jar
2021-11-10 08:15:40.597+0000 INFO [o.n.k.i.DiagnosticsManager]  [classpath + loader.0] file:/Users/ryobo/Desktop/task3/myapp/db/neo4j/development/lib/neo4j-security-3.4.1.jar
2021-11-10 08:15:40.597+0000 INFO [o.n.k.i.DiagnosticsManager]  [classpath + loader.0] file:/Users/ryobo/Desktop/task3/myapp/db/neo4j/development/lib/parboiled-scala_2.11-1.1.7.jar
2021-11-10 08:15:40.597+0000 INFO [o.n.k.i.DiagnosticsManager]  [classpath + loader.0] file:/Users/ryobo/Desktop/task3/myapp/db/neo4j/development/lib/neo4j-bolt-3.4.1.jar
2021-11-10 08:15:40.597+0000 INFO [o.n.k.i.DiagnosticsManager]  [bootstrap] /Library/Java/JavaVirtualMachines/adoptopenjdk-8.jdk/Contents/Home/jre/lib/resources.jar
2021-11-10 08:15:40.597+0000 INFO [o.n.k.i.DiagnosticsManager]  [classpath + loader.0] file:/Users/ryobo/Desktop/task3/myapp/db/neo4j/development/lib/neo4j-import-tool-3.4.1.jar
2021-11-10 08:15:40.598+0000 INFO [o.n.k.i.DiagnosticsManager]  [classpath + loader.0] file:/Users/ryobo/Desktop/task3/myapp/db/neo4j/development/lib/scala-library-2.11.12.jar
2021-11-10 08:15:40.598+0000 INFO [o.n.k.i.DiagnosticsManager]  [bootstrap] /Library/Java/JavaVirtualMachines/adoptopenjdk-8.jdk/Contents/Home/jre/lib/rt.jar
2021-11-10 08:15:40.598+0000 INFO [o.n.k.i.DiagnosticsManager]  [loader.1] file:/Library/Java/JavaVirtualMachines/adoptopenjdk-8.jdk/Contents/Home/jre/lib/ext/localedata.jar
2021-11-10 08:15:40.598+0000 INFO [o.n.k.i.DiagnosticsManager]  [classpath + loader.0] file:/Users/ryobo/Desktop/task3/myapp/db/neo4j/development/lib/neo4j-codegen-3.4.1.jar
2021-11-10 08:15:40.598+0000 INFO [o.n.k.i.DiagnosticsManager]  [classpath + loader.0] file:/Users/ryobo/Desktop/task3/myapp/db/neo4j/development/lib/neo4j-ssl-3.4.1.jar
2021-11-10 08:15:40.598+0000 INFO [o.n.k.i.DiagnosticsManager]  [classpath + loader.0] file:/Users/ryobo/Desktop/task3/myapp/db/neo4j/development/lib/lucene-queryparser-5.5.5.jar
2021-11-10 08:15:40.598+0000 INFO [o.n.k.i.DiagnosticsManager]  [classpath + loader.0] file:/Users/ryobo/Desktop/task3/myapp/db/neo4j/development/lib/caffeine-2.6.2.jar
2021-11-10 08:15:40.598+0000 INFO [o.n.k.i.DiagnosticsManager]  [classpath + loader.0] file:/Users/ryobo/Desktop/task3/myapp/db/neo4j/development/lib/jetty-servlet-9.4.8.v20171121.jar
2021-11-10 08:15:40.598+0000 INFO [o.n.k.i.DiagnosticsManager]  [classpath + loader.0] file:/Users/ryobo/Desktop/task3/myapp/db/neo4j/development/lib/neo4j-graph-algo-3.4.1.jar
2021-11-10 08:15:40.598+0000 INFO [o.n.k.i.DiagnosticsManager]  [classpath + loader.0] file:/Users/ryobo/Desktop/task3/myapp/db/neo4j/development/lib/neo4j-server-3.4.1.jar
2021-11-10 08:15:40.598+0000 INFO [o.n.k.i.DiagnosticsManager]  [classpath + loader.0] file:/Users/ryobo/Desktop/task3/myapp/db/neo4j/development/lib/neo4j-cypher-expression-3.4-3.4.1.jar
2021-11-10 08:15:40.598+0000 INFO [o.n.k.i.DiagnosticsManager]  [classpath + loader.0] file:/Users/ryobo/Desktop/task3/myapp/db/neo4j/development/lib/neo4j-resource-3.4.1.jar
2021-11-10 08:15:40.598+0000 INFO [o.n.k.i.DiagnosticsManager]  [classpath + loader.0] file:/Users/ryobo/Desktop/task3/myapp/db/neo4j/development/lib/concurrentlinkedhashmap-lru-1.4.2.jar
2021-11-10 08:15:40.599+0000 INFO [o.n.k.i.DiagnosticsManager]  [loader.1] file:/Library/Java/JavaVirtualMachines/adoptopenjdk-8.jdk/Contents/Home/jre/lib/ext/sunec.jar
2021-11-10 08:15:40.599+0000 INFO [o.n.k.i.DiagnosticsManager]  [classpath + loader.0] file:/Users/ryobo/Desktop/task3/myapp/db/neo4j/development/lib/neo4j-cypher-compiler-2.3-2.3.12.jar
2021-11-10 08:15:40.599+0000 INFO [o.n.k.i.DiagnosticsManager]  [bootstrap] /Library/Java/JavaVirtualMachines/adoptopenjdk-8.jdk/Contents/Home/jre/lib/charsets.jar
2021-11-10 08:15:40.599+0000 INFO [o.n.k.i.DiagnosticsManager]  [classpath + loader.0] file:/Users/ryobo/Desktop/task3/myapp/db/neo4j/development/lib/jPowerShell-1.9.jar
2021-11-10 08:15:40.599+0000 INFO [o.n.k.i.DiagnosticsManager]  [classpath + loader.0] file:/Users/ryobo/Desktop/task3/myapp/db/neo4j/development/lib/jersey-servlet-1.19.3.jar
2021-11-10 08:15:40.599+0000 INFO [o.n.k.i.DiagnosticsManager]  [classpath + loader.0] file:/Users/ryobo/Desktop/task3/myapp/db/neo4j/development/lib/objenesis-2.6.jar
2021-11-10 08:15:40.599+0000 INFO [o.n.k.i.DiagnosticsManager]  [classpath + loader.0] file:/Users/ryobo/Desktop/task3/myapp/db/neo4j/development/lib/commons-compress-1.16.1.jar
2021-11-10 08:15:40.599+0000 INFO [o.n.k.i.DiagnosticsManager]  [classpath + loader.0] file:/Users/ryobo/Desktop/task3/myapp/db/neo4j/development/lib/neo4j-lucene-index-3.4.1.jar
2021-11-10 08:15:40.599+0000 INFO [o.n.k.i.DiagnosticsManager]  [bootstrap] /Library/Java/JavaVirtualMachines/adoptopenjdk-8.jdk/Contents/Home/jre/lib/sunrsasign.jar
2021-11-10 08:15:40.599+0000 INFO [o.n.k.i.DiagnosticsManager]  [loader.1] file:/Library/Java/JavaVirtualMachines/adoptopenjdk-8.jdk/Contents/Home/jre/lib/ext/sunjce_provider.jar
2021-11-10 08:15:40.599+0000 INFO [o.n.k.i.DiagnosticsManager]  [loader.1] file:/Library/Java/JavaVirtualMachines/adoptopenjdk-8.jdk/Contents/Home/jre/lib/ext/nashorn.jar
2021-11-10 08:15:40.599+0000 INFO [o.n.k.i.DiagnosticsManager]  [classpath + loader.0] file:/Users/ryobo/Desktop/task3/myapp/db/neo4j/development/lib/neo4j-cypher-planner-3.4-3.4.1.jar
2021-11-10 08:15:40.599+0000 INFO [o.n.k.i.DiagnosticsManager]  [classpath + loader.0] file:/Users/ryobo/Desktop/task3/myapp/db/neo4j/development/lib/neo4j-udc-3.4.1.jar
2021-11-10 08:15:40.599+0000 INFO [o.n.k.i.DiagnosticsManager]  [classpath + loader.0] file:/Users/ryobo/Desktop/task3/myapp/db/neo4j/development/lib/neo4j-jmx-3.4.1.jar
2021-11-10 08:15:40.599+0000 INFO [o.n.k.i.DiagnosticsManager]  [classpath + loader.0] file:/Users/ryobo/Desktop/task3/myapp/db/neo4j/development/lib/neo4j-cypher-runtime-util-3.4.1.jar
2021-11-10 08:15:40.599+0000 INFO [o.n.k.i.DiagnosticsManager]  [classpath + loader.0] file:/Users/ryobo/Desktop/task3/myapp/db/neo4j/development/lib/lucene-analyzers-common-5.5.5.jar
2021-11-10 08:15:40.599+0000 INFO [o.n.k.i.DiagnosticsManager]  [classpath + loader.0] file:/Users/ryobo/Desktop/task3/myapp/db/neo4j/development/lib/jackson-mapper-asl-1.9.13.jar
2021-11-10 08:15:40.600+0000 INFO [o.n.k.i.DiagnosticsManager]  [loader.1] file:/System/Library/Java/Extensions/MRJToolkit.jar
2021-11-10 08:15:40.600+0000 INFO [o.n.k.i.DiagnosticsManager]  [classpath + loader.0] file:/Users/ryobo/Desktop/task3/myapp/db/neo4j/development/lib/jackson-jaxrs-1.9.13.jar
2021-11-10 08:15:40.600+0000 INFO [o.n.k.i.DiagnosticsManager]  [classpath + loader.0] file:/Users/ryobo/Desktop/task3/myapp/db/neo4j/development/lib/neo4j-io-3.4.1.jar
2021-11-10 08:15:40.600+0000 INFO [o.n.k.i.DiagnosticsManager]  [classpath + loader.0] file:/Users/ryobo/Desktop/task3/myapp/db/neo4j/development/lib/jetty-webapp-9.4.8.v20171121.jar
2021-11-10 08:15:40.600+0000 INFO [o.n.k.i.DiagnosticsManager]  [classpath + loader.0] file:/Users/ryobo/Desktop/task3/myapp/db/neo4j/development/lib/neo4j-cypher-frontend-3.3-3.3.5.jar
2021-11-10 08:15:40.600+0000 INFO [o.n.k.i.DiagnosticsManager]  [classpath + loader.0] file:/Users/ryobo/Desktop/task3/myapp/db/neo4j/development/lib/neo4j-graph-matching-3.1.6.jar
2021-11-10 08:15:40.600+0000 INFO [o.n.k.i.DiagnosticsManager]  [classpath + loader.0] file:/Users/ryobo/Desktop/task3/myapp/db/neo4j/development/lib/neo4j-cypher-3.4.1.jar
2021-11-10 08:15:40.600+0000 INFO [o.n.k.i.DiagnosticsManager]  [classpath + loader.0] file:/Users/ryobo/Desktop/task3/myapp/db/neo4j/development/lib/commons-lang-2.6.jar
2021-11-10 08:15:40.600+0000 INFO [o.n.k.i.DiagnosticsManager]  [classpath + loader.0] file:/Users/ryobo/Desktop/task3/myapp/db/neo4j/development/lib/commons-lang3-3.7.jar
2021-11-10 08:15:40.600+0000 INFO [o.n.k.i.DiagnosticsManager]  [classpath + loader.0] file:/Users/ryobo/Desktop/task3/myapp/db/neo4j/development/lib/jetty-http-9.4.8.v20171121.jar
2021-11-10 08:15:40.600+0000 INFO [o.n.k.i.DiagnosticsManager]  [loader.1] file:/Library/Java/JavaVirtualMachines/adoptopenjdk-8.jdk/Contents/Home/jre/lib/ext/sunpkcs11.jar
2021-11-10 08:15:40.600+0000 INFO [o.n.k.i.DiagnosticsManager]  [classpath + loader.0] file:/Users/ryobo/Desktop/task3/myapp/db/neo4j/development/lib/rhino-1.7.9.jar
2021-11-10 08:15:40.600+0000 INFO [o.n.k.i.DiagnosticsManager]  [classpath + loader.0] file:/Users/ryobo/Desktop/task3/myapp/db/neo4j/development/lib/jetty-security-9.4.8.v20171121.jar
2021-11-10 08:15:40.601+0000 INFO [o.n.k.i.DiagnosticsManager]  [classpath + loader.0] file:/Users/ryobo/Desktop/task3/myapp/db/neo4j/development/plugins/
2021-11-10 08:15:40.601+0000 INFO [o.n.k.i.DiagnosticsManager]  [classpath + loader.0] file:/Users/ryobo/Desktop/task3/myapp/db/neo4j/development/lib/javax.servlet-api-3.1.0.jar
2021-11-10 08:15:40.601+0000 INFO [o.n.k.i.DiagnosticsManager]  [classpath + loader.0] file:/Users/ryobo/Desktop/task3/myapp/db/neo4j/development/lib/neo4j-cypher-interpreted-runtime-3.4.1.jar
2021-11-10 08:15:40.601+0000 INFO [o.n.k.i.DiagnosticsManager]  [classpath + loader.0] file:/Users/ryobo/Desktop/task3/myapp/db/neo4j/development/lib/jersey-server-1.19.3.jar
2021-11-10 08:15:40.601+0000 INFO [o.n.k.i.DiagnosticsManager]  [classpath + loader.0] file:/Users/ryobo/Desktop/task3/myapp/db/neo4j/development/lib/neo4j-cypher-ir-3.3-3.3.5.jar
2021-11-10 08:15:40.601+0000 INFO [o.n.k.i.DiagnosticsManager]  [classpath + loader.0] file:/Users/ryobo/Desktop/task3/myapp/db/neo4j/development/lib/netty-all-4.1.24.Final.jar
2021-11-10 08:15:40.601+0000 INFO [o.n.k.i.DiagnosticsManager]  [loader.1] file:/Library/Java/JavaVirtualMachines/adoptopenjdk-8.jdk/Contents/Home/jre/lib/ext/dnsns.jar
2021-11-10 08:15:40.601+0000 INFO [o.n.k.i.DiagnosticsManager]  [classpath + loader.0] file:/Users/ryobo/Desktop/task3/myapp/db/neo4j/development/lib/commons-text-1.3.jar
2021-11-10 08:15:40.601+0000 INFO [o.n.k.i.DiagnosticsManager]  [classpath + loader.0] file:/Users/ryobo/Desktop/task3/myapp/db/neo4j/development/lib/jProcesses-1.6.4.jar
2021-11-10 08:15:40.601+0000 INFO [o.n.k.i.DiagnosticsManager]  [classpath + loader.0] file:/Users/ryobo/Desktop/task3/myapp/db/neo4j/development/lib/server-api-3.4.1.jar
2021-11-10 08:15:40.601+0000 INFO [o.n.k.i.DiagnosticsManager]  [classpath + loader.0] file:/Users/ryobo/Desktop/task3/myapp/db/neo4j/development/lib/commons-configuration-1.10.jar
2021-11-10 08:15:40.601+0000 INFO [o.n.k.i.DiagnosticsManager]  [classpath + loader.0] file:/Users/ryobo/Desktop/task3/myapp/db/neo4j/development/lib/neo4j-browser-3.1.14.jar
2021-11-10 08:15:40.601+0000 INFO [o.n.k.i.DiagnosticsManager]  [classpath + loader.0] file:/Library/Java/JavaVirtualMachines/adoptopenjdk-8.jdk/Contents/Home/lib/tools.jar
2021-11-10 08:15:40.602+0000 INFO [o.n.k.i.DiagnosticsManager]  [bootstrap] /Library/Java/JavaVirtualMachines/adoptopenjdk-8.jdk/Contents/Home/jre/lib/jsse.jar
2021-11-10 08:15:40.602+0000 INFO [o.n.k.i.DiagnosticsManager]  [classpath + loader.0] file:/Users/ryobo/Desktop/task3/myapp/db/neo4j/development/lib/neo4j-cypher-logical-plans-3.3-3.3.5.jar
2021-11-10 08:15:40.602+0000 INFO [o.n.k.i.DiagnosticsManager]  [classpath + loader.0] file:/Users/ryobo/Desktop/task3/myapp/db/neo4j/development/lib/opencsv-2.3.jar
2021-11-10 08:15:40.602+0000 INFO [o.n.k.i.DiagnosticsManager]  [loader.1] file:/Library/Java/JavaVirtualMachines/adoptopenjdk-8.jdk/Contents/Home/jre/lib/ext/zipfs.jar
2021-11-10 08:15:40.602+0000 INFO [o.n.k.i.DiagnosticsManager]  [classpath + loader.0] file:/Users/ryobo/Desktop/task3/myapp/db/neo4j/development/lib/neo4j-cypher-compiler-3.3-3.3.5.jar
2021-11-10 08:15:40.602+0000 INFO [o.n.k.i.DiagnosticsManager]  [classpath + loader.0] file:/Users/ryobo/Desktop/task3/myapp/db/neo4j/development/lib/bcprov-jdk15on-1.59.jar
2021-11-10 08:15:40.602+0000 INFO [o.n.k.i.DiagnosticsManager]  [classpath + loader.0] file:/Users/ryobo/Desktop/task3/myapp/db/neo4j/development/lib/neo4j-collections-3.4.1.jar
2021-11-10 08:15:40.602+0000 INFO [o.n.k.i.DiagnosticsManager] Library path:
2021-11-10 08:15:40.602+0000 INFO [o.n.k.i.DiagnosticsManager] /Users/ryobo/Library/Java/Extensions
2021-11-10 08:15:40.603+0000 INFO [o.n.k.i.DiagnosticsManager] /Library/Java/Extensions
2021-11-10 08:15:40.603+0000 INFO [o.n.k.i.DiagnosticsManager] /Network/Library/Java/Extensions
2021-11-10 08:15:40.603+0000 INFO [o.n.k.i.DiagnosticsManager] /System/Library/Java/Extensions
2021-11-10 08:15:40.603+0000 INFO [o.n.k.i.DiagnosticsManager] /usr/lib/java
2021-11-10 08:15:40.603+0000 INFO [o.n.k.i.DiagnosticsManager] /Users/ryobo/Desktop/task3/myapp
2021-11-10 08:15:40.603+0000 INFO [o.n.k.i.DiagnosticsManager] System.properties:
2021-11-10 08:15:40.605+0000 INFO [o.n.k.i.DiagnosticsManager] sun.boot.library.path = /Library/Java/JavaVirtualMachines/adoptopenjdk-8.jdk/Contents/Home/jre/lib
2021-11-10 08:15:40.605+0000 INFO [o.n.k.i.DiagnosticsManager] jdk.tls.rejectClientInitiatedRenegotiation = true
2021-11-10 08:15:40.605+0000 INFO [o.n.k.i.DiagnosticsManager] gopherProxySet = false
2021-11-10 08:15:40.605+0000 INFO [o.n.k.i.DiagnosticsManager] path.separator = :
2021-11-10 08:15:40.606+0000 INFO [o.n.k.i.DiagnosticsManager] file.encoding.pkg = sun.io
2021-11-10 08:15:40.606+0000 INFO [o.n.k.i.DiagnosticsManager] user.country = JP
2021-11-10 08:15:40.606+0000 INFO [o.n.k.i.DiagnosticsManager] sun.java.launcher = SUN_STANDARD
2021-11-10 08:15:40.606+0000 INFO [o.n.k.i.DiagnosticsManager] sun.os.patch.level = unknown
2021-11-10 08:15:40.606+0000 INFO [o.n.k.i.DiagnosticsManager] user.dir = /Users/ryobo/Desktop/task3/myapp
2021-11-10 08:15:40.606+0000 INFO [o.n.k.i.DiagnosticsManager] sun.jnu.encoding = UTF-8
2021-11-10 08:15:40.606+0000 INFO [o.n.k.i.DiagnosticsManager] unsupported.dbms.udc.source = tarball
2021-11-10 08:15:40.606+0000 INFO [o.n.k.i.DiagnosticsManager] sun.management.compiler = HotSpot 64-Bit Tiered Compilers
2021-11-10 08:15:40.606+0000 INFO [o.n.k.i.DiagnosticsManager] http.nonProxyHosts = local|*.local|169.254/16|*.169.254/16
2021-11-10 08:15:40.606+0000 INFO [o.n.k.i.DiagnosticsManager] user.home = /Users/ryobo
2021-11-10 08:15:40.606+0000 INFO [o.n.k.i.DiagnosticsManager] user.timezone = Asia/Tokyo
2021-11-10 08:15:40.606+0000 INFO [o.n.k.i.DiagnosticsManager] file.encoding = UTF-8
2021-11-10 08:15:40.606+0000 INFO [o.n.k.i.DiagnosticsManager] user.name = ryobo
2021-11-10 08:15:40.606+0000 INFO [o.n.k.i.DiagnosticsManager] sun.java.command = org.neo4j.server.CommunityEntryPoint --home-dir=/Users/ryobo/Desktop/task3/myapp/db/neo4j/development --config-dir=/Users/ryobo/Desktop/task3/myapp/db/neo4j/development/conf
2021-11-10 08:15:40.606+0000 INFO [o.n.k.i.DiagnosticsManager] sun.arch.data.model = 64
2021-11-10 08:15:40.607+0000 INFO [o.n.k.i.DiagnosticsManager] user.language = ja
2021-11-10 08:15:40.607+0000 INFO [o.n.k.i.DiagnosticsManager] awt.toolkit = sun.lwawt.macosx.LWCToolkit
2021-11-10 08:15:40.607+0000 INFO [o.n.k.i.DiagnosticsManager] jdk.tls.ephemeralDHKeySize = 2048
2021-11-10 08:15:40.607+0000 INFO [o.n.k.i.DiagnosticsManager] file.separator = /
2021-11-10 08:15:40.607+0000 INFO [o.n.k.i.DiagnosticsManager] sun.io.unicode.encoding = UnicodeBig
2021-11-10 08:15:40.607+0000 INFO [o.n.k.i.DiagnosticsManager] sun.cpu.endian = little
2021-11-10 08:15:40.607+0000 INFO [o.n.k.i.DiagnosticsManager] socksNonProxyHosts = local|*.local|169.254/16|*.169.254/16
2021-11-10 08:15:40.607+0000 INFO [o.n.k.i.DiagnosticsManager] ftp.nonProxyHosts = local|*.local|169.254/16|*.169.254/16
2021-11-10 08:15:40.607+0000 INFO [o.n.k.i.DiagnosticsManager] sun.cpu.isalist = 
2021-11-10 08:15:40.607+0000 INFO [o.n.k.i.DiagnosticsManager] (IANA) TimeZone Database Version:
2021-11-10 08:15:40.660+0000 INFO [o.n.k.i.DiagnosticsManager]   TimeZone version: 2021a (available for 600 zone identifiers)
2021-11-10 08:15:40.660+0000 INFO [o.n.k.i.DiagnosticsManager] Network information:
2021-11-10 08:15:40.677+0000 INFO [o.n.k.i.DiagnosticsManager] Interface utun3:
2021-11-10 08:15:40.678+0000 INFO [o.n.k.i.DiagnosticsManager]     address: fe80:0:0:0:cb61:13e3:bbb6:99f5%utun3
2021-11-10 08:15:40.678+0000 INFO [o.n.k.i.DiagnosticsManager] Interface utun2:
2021-11-10 08:15:40.678+0000 INFO [o.n.k.i.DiagnosticsManager]     address: fe80:0:0:0:48a3:1212:36d5:4612%utun2
2021-11-10 08:15:40.678+0000 INFO [o.n.k.i.DiagnosticsManager] Interface utun1:
2021-11-10 08:15:40.678+0000 INFO [o.n.k.i.DiagnosticsManager]     address: fe80:0:0:0:3c5b:abf1:7b97:1ce%utun1
2021-11-10 08:15:40.678+0000 INFO [o.n.k.i.DiagnosticsManager] Interface utun0:
2021-11-10 08:15:40.678+0000 INFO [o.n.k.i.DiagnosticsManager]     address: fe80:0:0:0:fbfa:45a0:f2ed:2b63%utun0
2021-11-10 08:15:40.678+0000 INFO [o.n.k.i.DiagnosticsManager] Interface llw0:
2021-11-10 08:15:40.678+0000 INFO [o.n.k.i.DiagnosticsManager]     address: fe80:0:0:0:f49b:55ff:feed:6209%llw0
2021-11-10 08:15:40.678+0000 INFO [o.n.k.i.DiagnosticsManager] Interface awdl0:
2021-11-10 08:15:40.678+0000 INFO [o.n.k.i.DiagnosticsManager]     address: fe80:0:0:0:f49b:55ff:feed:6209%awdl0
2021-11-10 08:15:40.678+0000 INFO [o.n.k.i.DiagnosticsManager] Interface en0:
2021-11-10 08:15:40.679+0000 INFO [o.n.k.i.DiagnosticsManager]     address: 240f:d8:134:1:4445:b83e:b535:f09b%en0
2021-11-10 08:15:40.679+0000 INFO [o.n.k.i.DiagnosticsManager]     address: 240f:d8:134:1:1c28:811f:e649:c8c8%en0
2021-11-10 08:15:40.679+0000 INFO [o.n.k.i.DiagnosticsManager]     address: fe80:0:0:0:1071:8c26:8c54:7620%en0
2021-11-10 08:15:40.679+0000 INFO [o.n.k.i.DiagnosticsManager]     address: 192.168.1.232
2021-11-10 08:15:40.679+0000 INFO [o.n.k.i.DiagnosticsManager] Interface lo0:
2021-11-10 08:15:40.679+0000 INFO [o.n.k.i.DiagnosticsManager]     address: fe80:0:0:0:0:0:0:1%lo0
2021-11-10 08:15:40.679+0000 INFO [o.n.k.i.DiagnosticsManager]     address: 0:0:0:0:0:0:0:1%lo0
2021-11-10 08:15:40.679+0000 INFO [o.n.k.i.DiagnosticsManager]     address: 127.0.0.1
2021-11-10 08:15:40.679+0000 INFO [o.n.k.i.DiagnosticsManager] --- INITIALIZED diagnostics END ---
2021-11-10 08:15:41.989+0000 INFO [o.n.b.BoltKernelExtension] Bolt Server extension loaded.
2021-11-10 08:15:42.488+0000 INFO [o.n.k.i.s.f.RecordFormatSelector] Selected format 'RecordFormat:StandardV3_4[v0.A.9]' for the new store
2021-11-10 08:15:43.190+0000 INFO [o.n.k.i.i.l.NativeLabelScanStore] No scan store found, this might just be first use. Preparing to rebuild.
2021-11-10 08:15:43.247+0000 INFO [o.n.k.NeoStoreDataSource] Rotated to transaction log [/Users/ryobo/Desktop/task3/myapp/db/neo4j/development/data/databases/graph.db/neostore.transaction.db.0] version=0, last transaction in previous log=1
2021-11-10 08:15:43.249+0000 INFO [o.n.k.NeoStoreDataSource] No commits found after last check point (which is at <no log position given>)
2021-11-10 08:15:43.267+0000 WARN [o.n.k.i.s.MetaDataStore] Missing counts store, rebuilding it.
2021-11-10 08:15:43.428+0000 WARN [o.n.k.i.s.MetaDataStore] Counts store rebuild completed.
2021-11-10 08:15:43.454+0000 INFO [o.n.k.i.i.l.NativeLabelScanStore] Rebuilding scan store, this may take a while
2021-11-10 08:15:43.471+0000 INFO [o.n.k.i.i.l.NativeLabelScanStore] Scan store rebuilt (roughly 0 nodes)
2021-11-10 08:15:43.509+0000 INFO [o.n.k.i.DatabaseHealth] Database health set to OK
2021-11-10 08:15:44.686+0000 INFO [o.n.b.BoltKernelExtension] Bolt enabled on localhost:7472.
2021-11-10 08:15:44.716+0000 INFO [o.n.k.AvailabilityGuard] Fulfilling of requirement makes database available: Database available
2021-11-10 08:15:44.717+0000 INFO [o.n.k.i.f.GraphDatabaseFacadeFactory] Database is now ready
2021-11-10 08:15:44.719+0000 INFO [o.n.k.i.DiagnosticsManager] --- STARTED diagnostics for KernelDiagnostics:Versions START ---
2021-11-10 08:15:44.720+0000 INFO [o.n.k.i.DiagnosticsManager] Graph Database: community single StoreId{creationTime=1636532142901, randomId=-897537761884931967, storeVersion=16094931155187206, upgradeTime=1636532142901, upgradeId=1}
2021-11-10 08:15:44.720+0000 INFO [o.n.k.i.DiagnosticsManager] Kernel version: 3.4.1,bf2fd1991decc5b49b63105e793230f19ccf6f15
2021-11-10 08:15:44.720+0000 INFO [o.n.k.i.DiagnosticsManager] --- STARTED diagnostics for KernelDiagnostics:Versions END ---
2021-11-10 08:15:44.729+0000 INFO [o.n.k.i.DiagnosticsManager] --- STARTED diagnostics for NEO_STORE_VERSIONS START ---
2021-11-10 08:15:44.729+0000 INFO [o.n.k.i.DiagnosticsManager] Store versions:
2021-11-10 08:15:44.729+0000 INFO [o.n.k.i.DiagnosticsManager] Store versions:
2021-11-10 08:15:44.730+0000 INFO [o.n.k.i.DiagnosticsManager]   ArrayPropertyStore v0.A.9
2021-11-10 08:15:44.731+0000 INFO [o.n.k.i.DiagnosticsManager]   NodeStore v0.A.9
2021-11-10 08:15:44.731+0000 INFO [o.n.k.i.DiagnosticsManager]   StringPropertyStore v0.A.9
2021-11-10 08:15:44.731+0000 INFO [o.n.k.i.DiagnosticsManager]   PropertyIndexStore v0.A.9
2021-11-10 08:15:44.731+0000 INFO [o.n.k.i.DiagnosticsManager]   StringPropertyStore v0.A.9
2021-11-10 08:15:44.731+0000 INFO [o.n.k.i.DiagnosticsManager]   ArrayPropertyStore v0.A.9
2021-11-10 08:15:44.731+0000 INFO [o.n.k.i.DiagnosticsManager]   PropertyStore v0.A.9
2021-11-10 08:15:44.732+0000 INFO [o.n.k.i.DiagnosticsManager]   RelationshipStore v0.A.9
2021-11-10 08:15:44.732+0000 INFO [o.n.k.i.DiagnosticsManager]   StringPropertyStore v0.A.9
2021-11-10 08:15:44.732+0000 INFO [o.n.k.i.DiagnosticsManager]   RelationshipTypeStore v0.A.9
2021-11-10 08:15:44.732+0000 INFO [o.n.k.i.DiagnosticsManager]   StringPropertyStore v0.A.9
2021-11-10 08:15:44.732+0000 INFO [o.n.k.i.DiagnosticsManager]   LabelTokenStore v0.A.9
2021-11-10 08:15:44.732+0000 INFO [o.n.k.i.DiagnosticsManager]   SchemaStore v0.A.9
2021-11-10 08:15:44.732+0000 INFO [o.n.k.i.DiagnosticsManager]   RelationshipGroupStore v0.A.9
2021-11-10 08:15:44.733+0000 INFO [o.n.k.i.DiagnosticsManager]   NeoStore v0.A.9
2021-11-10 08:15:44.733+0000 INFO [o.n.k.i.DiagnosticsManager] --- STARTED diagnostics for NEO_STORE_VERSIONS END ---
2021-11-10 08:15:44.733+0000 INFO [o.n.k.i.DiagnosticsManager] --- STARTED diagnostics for NEO_STORE_ID_USAGE START ---
2021-11-10 08:15:44.733+0000 INFO [o.n.k.i.DiagnosticsManager] Id usage:
2021-11-10 08:15:44.733+0000 INFO [o.n.k.i.DiagnosticsManager] Id usage:
2021-11-10 08:15:44.734+0000 INFO [o.n.k.i.DiagnosticsManager]   ArrayPropertyStore: used=1 high=0
2021-11-10 08:15:44.734+0000 INFO [o.n.k.i.DiagnosticsManager]   NodeStore: used=0 high=-1
2021-11-10 08:15:44.734+0000 INFO [o.n.k.i.DiagnosticsManager]   StringPropertyStore: used=1 high=0
2021-11-10 08:15:44.735+0000 INFO [o.n.k.i.DiagnosticsManager]   PropertyIndexStore: used=0 high=-1
2021-11-10 08:15:44.735+0000 INFO [o.n.k.i.DiagnosticsManager]   StringPropertyStore: used=1 high=0
2021-11-10 08:15:44.735+0000 INFO [o.n.k.i.DiagnosticsManager]   ArrayPropertyStore: used=1 high=0
2021-11-10 08:15:44.735+0000 INFO [o.n.k.i.DiagnosticsManager]   PropertyStore: used=0 high=-1
2021-11-10 08:15:44.735+0000 INFO [o.n.k.i.DiagnosticsManager]   RelationshipStore: used=0 high=-1
2021-11-10 08:15:44.735+0000 INFO [o.n.k.i.DiagnosticsManager]   StringPropertyStore: used=1 high=0
2021-11-10 08:15:44.736+0000 INFO [o.n.k.i.DiagnosticsManager]   RelationshipTypeStore: used=0 high=-1
2021-11-10 08:15:44.736+0000 INFO [o.n.k.i.DiagnosticsManager]   StringPropertyStore: used=1 high=0
2021-11-10 08:15:44.736+0000 INFO [o.n.k.i.DiagnosticsManager]   LabelTokenStore: used=0 high=-1
2021-11-10 08:15:44.736+0000 INFO [o.n.k.i.DiagnosticsManager]   SchemaStore: used=1 high=0
2021-11-10 08:15:44.736+0000 INFO [o.n.k.i.DiagnosticsManager]   RelationshipGroupStore: used=1 high=0
2021-11-10 08:15:44.736+0000 INFO [o.n.k.i.DiagnosticsManager]   NeoStore: used=15 high=14
2021-11-10 08:15:44.737+0000 INFO [o.n.k.i.DiagnosticsManager] --- STARTED diagnostics for NEO_STORE_ID_USAGE END ---
2021-11-10 08:15:44.737+0000 INFO [o.n.k.i.DiagnosticsManager] --- STARTED diagnostics for NEO_STORE_RECORDS START ---
2021-11-10 08:15:44.737+0000 INFO [o.n.k.i.DiagnosticsManager] Neostore records:
2021-11-10 08:15:44.738+0000 INFO [o.n.k.i.DiagnosticsManager] TIME (Creation time): 1636532142901
2021-11-10 08:15:44.739+0000 INFO [o.n.k.i.DiagnosticsManager] RANDOM_NUMBER (Random number for store id): -897537761884931967
2021-11-10 08:15:44.739+0000 INFO [o.n.k.i.DiagnosticsManager] LOG_VERSION (Current log version): 0
2021-11-10 08:15:44.739+0000 INFO [o.n.k.i.DiagnosticsManager] LAST_TRANSACTION_ID (Last committed transaction): 1
2021-11-10 08:15:44.739+0000 INFO [o.n.k.i.DiagnosticsManager] STORE_VERSION (Store format version): 16094931155187206
2021-11-10 08:15:44.739+0000 INFO [o.n.k.i.DiagnosticsManager] FIRST_GRAPH_PROPERTY (First property record containing graph properties): -1
2021-11-10 08:15:44.740+0000 INFO [o.n.k.i.DiagnosticsManager] LAST_CONSTRAINT_TRANSACTION (Last committed transaction containing constraint changes): 0
2021-11-10 08:15:44.740+0000 INFO [o.n.k.i.DiagnosticsManager] UPGRADE_TRANSACTION_ID (Transaction id most recent upgrade was performed at): 1
2021-11-10 08:15:44.740+0000 INFO [o.n.k.i.DiagnosticsManager] UPGRADE_TIME (Time of last upgrade): 1636532142901
2021-11-10 08:15:44.740+0000 INFO [o.n.k.i.DiagnosticsManager] LAST_TRANSACTION_CHECKSUM (Checksum of last committed transaction): 0
2021-11-10 08:15:44.740+0000 INFO [o.n.k.i.DiagnosticsManager] UPGRADE_TRANSACTION_CHECKSUM (Checksum of transaction id the most recent upgrade was performed at): 0
2021-11-10 08:15:44.740+0000 INFO [o.n.k.i.DiagnosticsManager] LAST_CLOSED_TRANSACTION_LOG_VERSION (Log version where the last transaction commit entry has been written into): 0
2021-11-10 08:15:44.741+0000 INFO [o.n.k.i.DiagnosticsManager] LAST_CLOSED_TRANSACTION_LOG_BYTE_OFFSET (Byte offset in the log file where the last transaction commit entry has been written into): 16
2021-11-10 08:15:44.741+0000 INFO [o.n.k.i.DiagnosticsManager] LAST_TRANSACTION_COMMIT_TIMESTAMP (Commit time timestamp for last committed transaction): 0
2021-11-10 08:15:44.741+0000 INFO [o.n.k.i.DiagnosticsManager] UPGRADE_TRANSACTION_COMMIT_TIMESTAMP (Commit timestamp of transaction the most recent upgrade was performed at): 0
2021-11-10 08:15:44.741+0000 INFO [o.n.k.i.DiagnosticsManager] --- STARTED diagnostics for NEO_STORE_RECORDS END ---
2021-11-10 08:15:44.742+0000 INFO [o.n.k.i.DiagnosticsManager] --- STARTED diagnostics for TRANSACTION_RANGE START ---
2021-11-10 08:15:44.743+0000 INFO [o.n.k.i.DiagnosticsManager] Transaction log:
2021-11-10 08:15:44.744+0000 INFO [o.n.k.i.DiagnosticsManager] No transactions found in any log
2021-11-10 08:15:44.744+0000 INFO [o.n.k.i.DiagnosticsManager] --- STARTED diagnostics for TRANSACTION_RANGE END ---
2021-11-10 08:15:44.745+0000 INFO [o.n.k.i.DiagnosticsManager] --- STARTED diagnostics for KernelDiagnostics:StoreFiles START ---
2021-11-10 08:15:44.746+0000 INFO [o.n.k.i.DiagnosticsManager] Disk space on partition (Total / Free / Free %): 121123069952 / 24065290240 / 19
2021-11-10 08:15:44.746+0000 INFO [o.n.k.i.DiagnosticsManager] Storage files: (filename : modification date - size)
2021-11-10 08:15:44.748+0000 INFO [o.n.k.i.DiagnosticsManager]   index:
2021-11-10 08:15:44.749+0000 INFO [o.n.k.i.DiagnosticsManager]   - Total: 2021-11-10T17:15:43+0900 - 0.00 B
2021-11-10 08:15:44.751+0000 INFO [o.n.k.i.DiagnosticsManager]   neostore: 2021-11-10T17:15:42+0900 - 8.00 kB
2021-11-10 08:15:44.752+0000 INFO [o.n.k.i.DiagnosticsManager]   neostore.counts.db.a: 2021-11-10T17:15:43+0900 - 96.00 B
2021-11-10 08:15:44.752+0000 INFO [o.n.k.i.DiagnosticsManager]   neostore.id: 2021-11-10T17:15:42+0900 - 9.00 B
2021-11-10 08:15:44.753+0000 INFO [o.n.k.i.DiagnosticsManager]   neostore.labelscanstore.db: 2021-11-10T17:15:43+0900 - 40.00 kB
2021-11-10 08:15:44.753+0000 INFO [o.n.k.i.DiagnosticsManager]   neostore.labeltokenstore.db: 2021-11-10T17:15:42+0900 - 0.00 B
2021-11-10 08:15:44.754+0000 INFO [o.n.k.i.DiagnosticsManager]   neostore.labeltokenstore.db.id: 2021-11-10T17:15:42+0900 - 9.00 B
2021-11-10 08:15:44.754+0000 INFO [o.n.k.i.DiagnosticsManager]   neostore.labeltokenstore.db.names: 2021-11-10T17:15:42+0900 - 8.00 kB
2021-11-10 08:15:44.754+0000 INFO [o.n.k.i.DiagnosticsManager]   neostore.labeltokenstore.db.names.id: 2021-11-10T17:15:42+0900 - 9.00 B
2021-11-10 08:15:44.755+0000 INFO [o.n.k.i.DiagnosticsManager]   neostore.nodestore.db: 2021-11-10T17:15:42+0900 - 0.00 B
2021-11-10 08:15:44.755+0000 INFO [o.n.k.i.DiagnosticsManager]   neostore.nodestore.db.id: 2021-11-10T17:15:42+0900 - 9.00 B
2021-11-10 08:15:44.756+0000 INFO [o.n.k.i.DiagnosticsManager]   neostore.nodestore.db.labels: 2021-11-10T17:15:42+0900 - 8.00 kB
2021-11-10 08:15:44.756+0000 INFO [o.n.k.i.DiagnosticsManager]   neostore.nodestore.db.labels.id: 2021-11-10T17:15:42+0900 - 9.00 B
2021-11-10 08:15:44.756+0000 INFO [o.n.k.i.DiagnosticsManager]   neostore.propertystore.db: 2021-11-10T17:15:42+0900 - 0.00 B
2021-11-10 08:15:44.762+0000 INFO [o.n.k.i.DiagnosticsManager]   neostore.propertystore.db.arrays: 2021-11-10T17:15:42+0900 - 8.00 kB
2021-11-10 08:15:44.763+0000 INFO [o.n.k.i.DiagnosticsManager]   neostore.propertystore.db.arrays.id: 2021-11-10T17:15:42+0900 - 9.00 B
2021-11-10 08:15:44.763+0000 INFO [o.n.k.i.DiagnosticsManager]   neostore.propertystore.db.id: 2021-11-10T17:15:42+0900 - 9.00 B
2021-11-10 08:15:44.764+0000 INFO [o.n.k.i.DiagnosticsManager]   neostore.propertystore.db.index: 2021-11-10T17:15:42+0900 - 0.00 B
2021-11-10 08:15:44.764+0000 INFO [o.n.k.i.DiagnosticsManager]   neostore.propertystore.db.index.id: 2021-11-10T17:15:42+0900 - 9.00 B
2021-11-10 08:15:44.765+0000 INFO [o.n.k.i.DiagnosticsManager]   neostore.propertystore.db.index.keys: 2021-11-10T17:15:42+0900 - 8.00 kB
2021-11-10 08:15:44.765+0000 INFO [o.n.k.i.DiagnosticsManager]   neostore.propertystore.db.index.keys.id: 2021-11-10T17:15:42+0900 - 9.00 B
2021-11-10 08:15:44.765+0000 INFO [o.n.k.i.DiagnosticsManager]   neostore.propertystore.db.strings: 2021-11-10T17:15:42+0900 - 8.00 kB
2021-11-10 08:15:44.766+0000 INFO [o.n.k.i.DiagnosticsManager]   neostore.propertystore.db.strings.id: 2021-11-10T17:15:42+0900 - 9.00 B
2021-11-10 08:15:44.766+0000 INFO [o.n.k.i.DiagnosticsManager]   neostore.relationshipgroupstore.db: 2021-11-10T17:15:42+0900 - 8.00 kB
2021-11-10 08:15:44.767+0000 INFO [o.n.k.i.DiagnosticsManager]   neostore.relationshipgroupstore.db.id: 2021-11-10T17:15:42+0900 - 9.00 B
2021-11-10 08:15:44.767+0000 INFO [o.n.k.i.DiagnosticsManager]   neostore.relationshipstore.db: 2021-11-10T17:15:42+0900 - 0.00 B
2021-11-10 08:15:44.767+0000 INFO [o.n.k.i.DiagnosticsManager]   neostore.relationshipstore.db.id: 2021-11-10T17:15:42+0900 - 9.00 B
2021-11-10 08:15:44.767+0000 INFO [o.n.k.i.DiagnosticsManager]   neostore.relationshiptypestore.db: 2021-11-10T17:15:42+0900 - 0.00 B
2021-11-10 08:15:44.768+0000 INFO [o.n.k.i.DiagnosticsManager]   neostore.relationshiptypestore.db.id: 2021-11-10T17:15:42+0900 - 9.00 B
2021-11-10 08:15:44.768+0000 INFO [o.n.k.i.DiagnosticsManager]   neostore.relationshiptypestore.db.names: 2021-11-10T17:15:42+0900 - 8.00 kB
2021-11-10 08:15:44.768+0000 INFO [o.n.k.i.DiagnosticsManager]   neostore.relationshiptypestore.db.names.id: 2021-11-10T17:15:42+0900 - 9.00 B
2021-11-10 08:15:44.769+0000 INFO [o.n.k.i.DiagnosticsManager]   neostore.schemastore.db: 2021-11-10T17:15:42+0900 - 8.00 kB
2021-11-10 08:15:44.769+0000 INFO [o.n.k.i.DiagnosticsManager]   neostore.schemastore.db.id: 2021-11-10T17:15:42+0900 - 9.00 B
2021-11-10 08:15:44.769+0000 INFO [o.n.k.i.DiagnosticsManager]   neostore.transaction.db.0: 2021-11-10T17:15:43+0900 - 16.00 B
2021-11-10 08:15:44.770+0000 INFO [o.n.k.i.DiagnosticsManager]   store_lock: 2021-11-10T17:15:42+0900 - 0.00 B
2021-11-10 08:15:44.770+0000 INFO [o.n.k.i.DiagnosticsManager] Storage summary: 
2021-11-10 08:15:44.770+0000 INFO [o.n.k.i.DiagnosticsManager]   Total size of store: 112.24 kB
2021-11-10 08:15:44.770+0000 INFO [o.n.k.i.DiagnosticsManager]   Total size of mapped files: 112.00 kB
2021-11-10 08:15:44.771+0000 INFO [o.n.k.i.DiagnosticsManager] --- STARTED diagnostics for KernelDiagnostics:StoreFiles END ---
2021-11-10 08:15:49.989+0000 INFO [o.n.k.i.DiagnosticsManager] --- SERVER STARTED START ---
2021-11-10 08:15:52.414+0000 INFO [o.n.k.i.DiagnosticsManager] --- SERVER STARTED END ---
2021-11-10 08:25:24.578+0000 INFO [o.n.k.i.a.i.IndexPopulationJob] Index population started: [:Neo4j::Migrations::SchemaMigration(migration_id) [provider: {key=lucene+native, version=2.0}]]
2021-11-10 08:25:24.938+0000 INFO [o.n.k.i.a.i.IndexPopulationJob] Completed node store scan. Flushing all pending updates.
BatchingMultipleIndexPopulator{activeTasks=0, executor=java.util.concurrent.ThreadPoolExecutor@6dac90e[Running, pool size = 1, active threads = 0, queued tasks = 0, completed tasks = 1], batchedUpdates = [0 updates], queuedUpdates = 0}
2021-11-10 08:25:24.939+0000 INFO [o.n.k.i.a.i.IndexPopulationJob] Shutting down executor.
BatchingMultipleIndexPopulator{activeTasks=1, executor=java.util.concurrent.ThreadPoolExecutor@6dac90e[Running, pool size = 2, active threads = 1, queued tasks = 0, completed tasks = 1], batchedUpdates = [0 updates], queuedUpdates = 0}
2021-11-10 08:25:25.026+0000 INFO [o.n.k.i.a.i.IndexPopulationJob] Index population completed. Index [:Neo4j::Migrations::SchemaMigration(migration_id) [provider: {key=lucene+native, version=2.0}]] is POPULATING.
2021-11-10 08:25:25.543+0000 INFO [o.n.k.i.a.i.IndexPopulationJob] Index population started: [:Age(code) [provider: {key=lucene+native, version=2.0}]]
2021-11-10 08:25:25.578+0000 INFO [o.n.k.i.a.i.IndexPopulationJob] Completed node store scan. Flushing all pending updates.
BatchingMultipleIndexPopulator{activeTasks=1, executor=java.util.concurrent.ThreadPoolExecutor@4c5cf89a[Running, pool size = 1, active threads = 1, queued tasks = 0, completed tasks = 0], batchedUpdates = [0 updates], queuedUpdates = 0}
2021-11-10 08:25:25.578+0000 INFO [o.n.k.i.a.i.IndexPopulationJob] Shutting down executor.
BatchingMultipleIndexPopulator{activeTasks=1, executor=java.util.concurrent.ThreadPoolExecutor@4c5cf89a[Running, pool size = 2, active threads = 1, queued tasks = 0, completed tasks = 1], batchedUpdates = [0 updates], queuedUpdates = 0}
2021-11-10 08:25:25.610+0000 INFO [o.n.k.i.a.i.IndexPopulationJob] Index population completed. Index [:Age(code) [provider: {key=lucene+native, version=2.0}]] is POPULATING.
2021-11-10 08:25:26.103+0000 INFO [o.n.k.i.a.i.IndexPopulationJob] Index population started: [:Birth(code) [provider: {key=lucene+native, version=2.0}]]
2021-11-10 08:25:26.136+0000 INFO [o.n.k.i.a.i.IndexPopulationJob] Completed node store scan. Flushing all pending updates.
BatchingMultipleIndexPopulator{activeTasks=1, executor=java.util.concurrent.ThreadPoolExecutor@1200e1ae[Running, pool size = 1, active threads = 1, queued tasks = 0, completed tasks = 0], batchedUpdates = [0 updates], queuedUpdates = 0}
2021-11-10 08:25:26.137+0000 INFO [o.n.k.i.a.i.IndexPopulationJob] Shutting down executor.
BatchingMultipleIndexPopulator{activeTasks=0, executor=java.util.concurrent.ThreadPoolExecutor@1200e1ae[Running, pool size = 2, active threads = 0, queued tasks = 0, completed tasks = 2], batchedUpdates = [0 updates], queuedUpdates = 0}
2021-11-10 08:25:26.165+0000 INFO [o.n.k.i.a.i.IndexPopulationJob] Index population completed. Index [:Birth(code) [provider: {key=lucene+native, version=2.0}]] is POPULATING.
2021-11-10 08:25:26.305+0000 INFO [o.n.k.i.a.i.IndexPopulationJob] Index population started: [:BloodType(code) [provider: {key=lucene+native, version=2.0}]]
2021-11-10 08:25:26.334+0000 INFO [o.n.k.i.a.i.IndexPopulationJob] Completed node store scan. Flushing all pending updates.
BatchingMultipleIndexPopulator{activeTasks=0, executor=java.util.concurrent.ThreadPoolExecutor@372d2269[Running, pool size = 1, active threads = 0, queued tasks = 0, completed tasks = 1], batchedUpdates = [0 updates], queuedUpdates = 0}
2021-11-10 08:25:26.335+0000 INFO [o.n.k.i.a.i.IndexPopulationJob] Shutting down executor.
BatchingMultipleIndexPopulator{activeTasks=0, executor=java.util.concurrent.ThreadPoolExecutor@372d2269[Running, pool size = 2, active threads = 0, queued tasks = 0, completed tasks = 2], batchedUpdates = [0 updates], queuedUpdates = 0}
2021-11-10 08:25:26.362+0000 INFO [o.n.k.i.a.i.IndexPopulationJob] Index population completed. Index [:BloodType(code) [provider: {key=lucene+native, version=2.0}]] is POPULATING.
2021-11-10 08:25:26.464+0000 INFO [o.n.k.i.a.i.IndexPopulationJob] Index population started: [:Dexterity(code) [provider: {key=lucene+native, version=2.0}]]
2021-11-10 08:25:26.491+0000 INFO [o.n.k.i.a.i.IndexPopulationJob] Completed node store scan. Flushing all pending updates.
BatchingMultipleIndexPopulator{activeTasks=1, executor=java.util.concurrent.ThreadPoolExecutor@54193424[Running, pool size = 1, active threads = 1, queued tasks = 0, completed tasks = 0], batchedUpdates = [0 updates], queuedUpdates = 0}
2021-11-10 08:25:26.491+0000 INFO [o.n.k.i.a.i.IndexPopulationJob] Shutting down executor.
BatchingMultipleIndexPopulator{activeTasks=1, executor=java.util.concurrent.ThreadPoolExecutor@54193424[Running, pool size = 2, active threads = 1, queued tasks = 0, completed tasks = 1], batchedUpdates = [0 updates], queuedUpdates = 0}
2021-11-10 08:25:26.513+0000 INFO [o.n.k.i.a.i.IndexPopulationJob] Index population completed. Index [:Dexterity(code) [provider: {key=lucene+native, version=2.0}]] is POPULATING.
2021-11-10 08:25:26.624+0000 INFO [o.n.k.i.a.i.IndexPopulationJob] Index population started: [:From(code) [provider: {key=lucene+native, version=2.0}]]
2021-11-10 08:25:26.648+0000 INFO [o.n.k.i.a.i.IndexPopulationJob] Completed node store scan. Flushing all pending updates.
BatchingMultipleIndexPopulator{activeTasks=1, executor=java.util.concurrent.ThreadPoolExecutor@6e34d191[Running, pool size = 1, active threads = 1, queued tasks = 0, completed tasks = 0], batchedUpdates = [0 updates], queuedUpdates = 0}
2021-11-10 08:25:26.648+0000 INFO [o.n.k.i.a.i.IndexPopulationJob] Shutting down executor.
BatchingMultipleIndexPopulator{activeTasks=1, executor=java.util.concurrent.ThreadPoolExecutor@6e34d191[Running, pool size = 2, active threads = 1, queued tasks = 0, completed tasks = 1], batchedUpdates = [0 updates], queuedUpdates = 0}
2021-11-10 08:25:26.688+0000 INFO [o.n.k.i.a.i.IndexPopulationJob] Index population completed. Index [:From(code) [provider: {key=lucene+native, version=2.0}]] is POPULATING.
2021-11-10 08:25:26.779+0000 INFO [o.n.k.i.a.i.IndexPopulationJob] Index population started: [:Height(code) [provider: {key=lucene+native, version=2.0}]]
2021-11-10 08:25:26.802+0000 INFO [o.n.k.i.a.i.IndexPopulationJob] Completed node store scan. Flushing all pending updates.
BatchingMultipleIndexPopulator{activeTasks=1, executor=java.util.concurrent.ThreadPoolExecutor@2282d2fd[Running, pool size = 1, active threads = 1, queued tasks = 0, completed tasks = 0], batchedUpdates = [0 updates], queuedUpdates = 0}
2021-11-10 08:25:26.803+0000 INFO [o.n.k.i.a.i.IndexPopulationJob] Shutting down executor.
BatchingMultipleIndexPopulator{activeTasks=1, executor=java.util.concurrent.ThreadPoolExecutor@2282d2fd[Running, pool size = 2, active threads = 1, queued tasks = 0, completed tasks = 1], batchedUpdates = [0 updates], queuedUpdates = 0}
2021-11-10 08:25:26.829+0000 INFO [o.n.k.i.a.i.IndexPopulationJob] Index population completed. Index [:Height(code) [provider: {key=lucene+native, version=2.0}]] is POPULATING.
2021-11-10 08:25:26.935+0000 INFO [o.n.k.i.a.i.IndexPopulationJob] Index population started: [:Income(code) [provider: {key=lucene+native, version=2.0}]]
2021-11-10 08:25:26.966+0000 INFO [o.n.k.i.a.i.IndexPopulationJob] Completed node store scan. Flushing all pending updates.
BatchingMultipleIndexPopulator{activeTasks=1, executor=java.util.concurrent.ThreadPoolExecutor@35fc5cb5[Running, pool size = 1, active threads = 1, queued tasks = 0, completed tasks = 0], batchedUpdates = [0 updates], queuedUpdates = 0}
2021-11-10 08:25:26.967+0000 INFO [o.n.k.i.a.i.IndexPopulationJob] Shutting down executor.
BatchingMultipleIndexPopulator{activeTasks=0, executor=java.util.concurrent.ThreadPoolExecutor@35fc5cb5[Running, pool size = 2, active threads = 0, queued tasks = 0, completed tasks = 2], batchedUpdates = [0 updates], queuedUpdates = 0}
2021-11-10 08:25:26.994+0000 INFO [o.n.k.i.a.i.IndexPopulationJob] Index population completed. Index [:Income(code) [provider: {key=lucene+native, version=2.0}]] is POPULATING.
2021-11-10 08:25:27.093+0000 INFO [o.n.k.i.a.i.IndexPopulationJob] Index population started: [:Number(code) [provider: {key=lucene+native, version=2.0}]]
2021-11-10 08:25:27.117+0000 INFO [o.n.k.i.a.i.IndexPopulationJob] Completed node store scan. Flushing all pending updates.
BatchingMultipleIndexPopulator{activeTasks=1, executor=java.util.concurrent.ThreadPoolExecutor@325cfe32[Running, pool size = 1, active threads = 1, queued tasks = 0, completed tasks = 0], batchedUpdates = [0 updates], queuedUpdates = 0}
2021-11-10 08:25:27.118+0000 INFO [o.n.k.i.a.i.IndexPopulationJob] Shutting down executor.
BatchingMultipleIndexPopulator{activeTasks=1, executor=java.util.concurrent.ThreadPoolExecutor@325cfe32[Running, pool size = 2, active threads = 0, queued tasks = 0, completed tasks = 2], batchedUpdates = [0 updates], queuedUpdates = 0}
2021-11-10 08:25:27.148+0000 INFO [o.n.k.i.a.i.IndexPopulationJob] Index population completed. Index [:Number(code) [provider: {key=lucene+native, version=2.0}]] is POPULATING.
2021-11-10 08:25:27.256+0000 INFO [o.n.k.i.a.i.IndexPopulationJob] Index population started: [:Player(code) [provider: {key=lucene+native, version=2.0}]]
2021-11-10 08:25:27.277+0000 INFO [o.n.k.i.a.i.IndexPopulationJob] Completed node store scan. Flushing all pending updates.
BatchingMultipleIndexPopulator{activeTasks=0, executor=java.util.concurrent.ThreadPoolExecutor@4180bf29[Running, pool size = 1, active threads = 0, queued tasks = 0, completed tasks = 1], batchedUpdates = [0 updates], queuedUpdates = 0}
2021-11-10 08:25:27.278+0000 INFO [o.n.k.i.a.i.IndexPopulationJob] Shutting down executor.
BatchingMultipleIndexPopulator{activeTasks=1, executor=java.util.concurrent.ThreadPoolExecutor@4180bf29[Running, pool size = 2, active threads = 1, queued tasks = 0, completed tasks = 1], batchedUpdates = [0 updates], queuedUpdates = 0}
2021-11-10 08:25:27.303+0000 INFO [o.n.k.i.a.i.IndexPopulationJob] Index population completed. Index [:Player(code) [provider: {key=lucene+native, version=2.0}]] is POPULATING.
2021-11-10 08:25:27.509+0000 INFO [o.n.k.i.a.i.IndexPopulationJob] Index population started: [:Position(code) [provider: {key=lucene+native, version=2.0}]]
2021-11-10 08:25:27.539+0000 INFO [o.n.k.i.a.i.IndexPopulationJob] Completed node store scan. Flushing all pending updates.
BatchingMultipleIndexPopulator{activeTasks=1, executor=java.util.concurrent.ThreadPoolExecutor@1a4d70e2[Running, pool size = 1, active threads = 1, queued tasks = 0, completed tasks = 0], batchedUpdates = [0 updates], queuedUpdates = 0}
2021-11-10 08:25:27.539+0000 INFO [o.n.k.i.a.i.IndexPopulationJob] Shutting down executor.
BatchingMultipleIndexPopulator{activeTasks=0, executor=java.util.concurrent.ThreadPoolExecutor@1a4d70e2[Running, pool size = 2, active threads = 0, queued tasks = 0, completed tasks = 2], batchedUpdates = [0 updates], queuedUpdates = 0}
2021-11-10 08:25:27.562+0000 INFO [o.n.k.i.a.i.IndexPopulationJob] Index population completed. Index [:Position(code) [provider: {key=lucene+native, version=2.0}]] is POPULATING.
2021-11-10 08:25:27.692+0000 INFO [o.n.k.i.a.i.IndexPopulationJob] Index population started: [:Weight(code) [provider: {key=lucene+native, version=2.0}]]
2021-11-10 08:25:27.715+0000 INFO [o.n.k.i.a.i.IndexPopulationJob] Completed node store scan. Flushing all pending updates.
BatchingMultipleIndexPopulator{activeTasks=1, executor=java.util.concurrent.ThreadPoolExecutor@48092955[Running, pool size = 1, active threads = 1, queued tasks = 0, completed tasks = 0], batchedUpdates = [0 updates], queuedUpdates = 0}
2021-11-10 08:25:27.716+0000 INFO [o.n.k.i.a.i.IndexPopulationJob] Shutting down executor.
BatchingMultipleIndexPopulator{activeTasks=1, executor=java.util.concurrent.ThreadPoolExecutor@48092955[Running, pool size = 2, active threads = 1, queued tasks = 0, completed tasks = 1], batchedUpdates = [0 updates], queuedUpdates = 0}
2021-11-10 08:25:27.740+0000 INFO [o.n.k.i.a.i.IndexPopulationJob] Index population completed. Index [:Weight(code) [provider: {key=lucene+native, version=2.0}]] is POPULATING.
2021-11-10 08:25:27.830+0000 INFO [o.n.k.i.a.i.IndexPopulationJob] Index population started: [:Year(code) [provider: {key=lucene+native, version=2.0}]]
2021-11-10 08:25:27.853+0000 INFO [o.n.k.i.a.i.IndexPopulationJob] Completed node store scan. Flushing all pending updates.
BatchingMultipleIndexPopulator{activeTasks=1, executor=java.util.concurrent.ThreadPoolExecutor@7edf9676[Running, pool size = 1, active threads = 1, queued tasks = 0, completed tasks = 0], batchedUpdates = [0 updates], queuedUpdates = 0}
2021-11-10 08:25:27.853+0000 INFO [o.n.k.i.a.i.IndexPopulationJob] Shutting down executor.
BatchingMultipleIndexPopulator{activeTasks=1, executor=java.util.concurrent.ThreadPoolExecutor@7edf9676[Running, pool size = 2, active threads = 1, queued tasks = 0, completed tasks = 1], batchedUpdates = [0 updates], queuedUpdates = 0}
2021-11-10 08:25:27.915+0000 INFO [o.n.k.i.a.i.IndexPopulationJob] Index population completed. Index [:Year(code) [provider: {key=lucene+native, version=2.0}]] is POPULATING.
2021-11-10 08:40:33.886+0000 INFO [o.n.k.i.t.l.c.CheckPointerImpl] Checkpoint triggered by scheduler for time threshold @ txId: 67 checkpoint started...
2021-11-10 08:40:34.085+0000 INFO [o.n.k.i.s.c.CountsTracker] Rotated counts store at transaction 67 to [/Users/ryobo/Desktop/task3/myapp/db/neo4j/development/data/databases/graph.db/neostore.counts.db.b], from [/Users/ryobo/Desktop/task3/myapp/db/neo4j/development/data/databases/graph.db/neostore.counts.db.a].
2021-11-10 08:40:34.138+0000 INFO [o.n.k.i.t.l.c.CheckPointerImpl] Checkpoint triggered by scheduler for time threshold @ txId: 67 checkpoint completed in 249ms
2021-11-10 08:40:34.142+0000 INFO [o.n.k.i.t.l.p.LogPruningImpl] No log version pruned, last checkpoint was made in version 0
2021-11-10 08:44:44.129+0000 INFO [o.n.k.i.a.i.IndexPopulationJob] Index population started: [:(code) [provider: {key=lucene+native, version=2.0}]]
2021-11-10 08:44:44.182+0000 INFO [o.n.k.i.a.i.IndexPopulationJob] Completed node store scan. Flushing all pending updates.
BatchingMultipleIndexPopulator{activeTasks=1, executor=java.util.concurrent.ThreadPoolExecutor@45aa0769[Running, pool size = 1, active threads = 1, queued tasks = 0, completed tasks = 0], batchedUpdates = [0 updates], queuedUpdates = 0}
2021-11-10 08:44:44.183+0000 INFO [o.n.k.i.a.i.IndexPopulationJob] Shutting down executor.
BatchingMultipleIndexPopulator{activeTasks=1, executor=java.util.concurrent.ThreadPoolExecutor@45aa0769[Running, pool size = 2, active threads = 1, queued tasks = 0, completed tasks = 1], batchedUpdates = [0 updates], queuedUpdates = 0}
2021-11-10 08:44:44.227+0000 INFO [o.n.k.i.a.i.IndexPopulationJob] Index population completed. Index [:(code) [provider: {key=lucene+native, version=2.0}]] is POPULATING.
2021-11-10 08:44:44.349+0000 INFO [o.n.k.i.a.i.IndexPopulationJob] Index population started: [:(code) [provider: {key=lucene+native, version=2.0}]]
2021-11-10 08:44:44.394+0000 INFO [o.n.k.i.a.i.IndexPopulationJob] Completed node store scan. Flushing all pending updates.
BatchingMultipleIndexPopulator{activeTasks=1, executor=java.util.concurrent.ThreadPoolExecutor@c150b60[Running, pool size = 1, active threads = 1, queued tasks = 0, completed tasks = 0], batchedUpdates = [0 updates], queuedUpdates = 0}
2021-11-10 08:44:44.395+0000 INFO [o.n.k.i.a.i.IndexPopulationJob] Shutting down executor.
BatchingMultipleIndexPopulator{activeTasks=1, executor=java.util.concurrent.ThreadPoolExecutor@c150b60[Running, pool size = 2, active threads = 1, queued tasks = 0, completed tasks = 1], batchedUpdates = [0 updates], queuedUpdates = 0}
2021-11-10 08:44:44.424+0000 INFO [o.n.k.i.a.i.IndexPopulationJob] Index population completed. Index [:(code) [provider: {key=lucene+native, version=2.0}]] is POPULATING.
2021-11-10 08:44:44.511+0000 INFO [o.n.k.i.a.i.IndexPopulationJob] Index population started: [:(code) [provider: {key=lucene+native, version=2.0}]]
2021-11-10 08:44:44.552+0000 INFO [o.n.k.i.a.i.IndexPopulationJob] Completed node store scan. Flushing all pending updates.
BatchingMultipleIndexPopulator{activeTasks=1, executor=java.util.concurrent.ThreadPoolExecutor@604eeeed[Running, pool size = 1, active threads = 1, queued tasks = 0, completed tasks = 0], batchedUpdates = [0 updates], queuedUpdates = 0}
2021-11-10 08:44:44.553+0000 INFO [o.n.k.i.a.i.IndexPopulationJob] Shutting down executor.
BatchingMultipleIndexPopulator{activeTasks=1, executor=java.util.concurrent.ThreadPoolExecutor@604eeeed[Running, pool size = 2, active threads = 1, queued tasks = 0, completed tasks = 1], batchedUpdates = [0 updates], queuedUpdates = 0}
2021-11-10 08:44:44.580+0000 INFO [o.n.k.i.a.i.IndexPopulationJob] Index population completed. Index [:(code) [provider: {key=lucene+native, version=2.0}]] is POPULATING.
2021-11-10 08:44:44.667+0000 INFO [o.n.k.i.a.i.IndexPopulationJob] Index population started: [:(code) [provider: {key=lucene+native, version=2.0}]]
2021-11-10 08:44:44.705+0000 INFO [o.n.k.i.a.i.IndexPopulationJob] Completed node store scan. Flushing all pending updates.
BatchingMultipleIndexPopulator{activeTasks=1, executor=java.util.concurrent.ThreadPoolExecutor@46beab21[Running, pool size = 1, active threads = 1, queued tasks = 0, completed tasks = 0], batchedUpdates = [0 updates], queuedUpdates = 0}
2021-11-10 08:44:44.705+0000 INFO [o.n.k.i.a.i.IndexPopulationJob] Shutting down executor.
BatchingMultipleIndexPopulator{activeTasks=1, executor=java.util.concurrent.ThreadPoolExecutor@46beab21[Running, pool size = 2, active threads = 1, queued tasks = 0, completed tasks = 1], batchedUpdates = [0 updates], queuedUpdates = 0}
2021-11-10 08:44:44.729+0000 INFO [o.n.k.i.a.i.IndexPopulationJob] Index population completed. Index [:(code) [provider: {key=lucene+native, version=2.0}]] is POPULATING.
2021-11-10 08:44:44.855+0000 INFO [o.n.k.i.a.i.IndexPopulationJob] Index population started: [:(code) [provider: {key=lucene+native, version=2.0}]]
2021-11-10 08:44:44.893+0000 INFO [o.n.k.i.a.i.IndexPopulationJob] Completed node store scan. Flushing all pending updates.
BatchingMultipleIndexPopulator{activeTasks=1, executor=java.util.concurrent.ThreadPoolExecutor@58eef310[Running, pool size = 1, active threads = 1, queued tasks = 0, completed tasks = 0], batchedUpdates = [0 updates], queuedUpdates = 0}
2021-11-10 08:44:44.893+0000 INFO [o.n.k.i.a.i.IndexPopulationJob] Shutting down executor.
BatchingMultipleIndexPopulator{activeTasks=0, executor=java.util.concurrent.ThreadPoolExecutor@58eef310[Running, pool size = 2, active threads = 0, queued tasks = 0, completed tasks = 2], batchedUpdates = [0 updates], queuedUpdates = 0}
2021-11-10 08:44:44.919+0000 INFO [o.n.k.i.a.i.IndexPopulationJob] Index population completed. Index [:(code) [provider: {key=lucene+native, version=2.0}]] is POPULATING.
2021-11-10 08:44:44.990+0000 INFO [o.n.k.i.a.i.IndexPopulationJob] Index population started: [:(code) [provider: {key=lucene+native, version=2.0}]]
2021-11-10 08:44:45.018+0000 INFO [o.n.k.i.a.i.IndexPopulationJob] Completed node store scan. Flushing all pending updates.
BatchingMultipleIndexPopulator{activeTasks=1, executor=java.util.concurrent.ThreadPoolExecutor@18567ceb[Running, pool size = 1, active threads = 1, queued tasks = 0, completed tasks = 0], batchedUpdates = [0 updates], queuedUpdates = 0}
2021-11-10 08:44:45.018+0000 INFO [o.n.k.i.a.i.IndexPopulationJob] Shutting down executor.
BatchingMultipleIndexPopulator{activeTasks=1, executor=java.util.concurrent.ThreadPoolExecutor@18567ceb[Running, pool size = 2, active threads = 1, queued tasks = 0, completed tasks = 1], batchedUpdates = [0 updates], queuedUpdates = 0}
2021-11-10 08:44:45.043+0000 INFO [o.n.k.i.a.i.IndexPopulationJob] Index population completed. Index [:(code) [provider: {key=lucene+native, version=2.0}]] is POPULATING.
2021-11-10 08:44:45.134+0000 INFO [o.n.k.i.a.i.IndexPopulationJob] Index population started: [:(code) [provider: {key=lucene+native, version=2.0}]]
2021-11-10 08:44:45.171+0000 INFO [o.n.k.i.a.i.IndexPopulationJob] Completed node store scan. Flushing all pending updates.
BatchingMultipleIndexPopulator{activeTasks=0, executor=java.util.concurrent.ThreadPoolExecutor@c628887[Running, pool size = 1, active threads = 0, queued tasks = 0, completed tasks = 1], batchedUpdates = [0 updates], queuedUpdates = 0}
2021-11-10 08:44:45.172+0000 INFO [o.n.k.i.a.i.IndexPopulationJob] Shutting down executor.
BatchingMultipleIndexPopulator{activeTasks=1, executor=java.util.concurrent.ThreadPoolExecutor@c628887[Running, pool size = 2, active threads = 1, queued tasks = 0, completed tasks = 1], batchedUpdates = [0 updates], queuedUpdates = 0}
2021-11-10 08:44:45.248+0000 INFO [o.n.k.i.a.i.IndexPopulationJob] Index population completed. Index [:(code) [provider: {key=lucene+native, version=2.0}]] is POPULATING.
2021-11-10 08:44:45.320+0000 INFO [o.n.k.i.a.i.IndexPopulationJob] Index population started: [:(code) [provider: {key=lucene+native, version=2.0}]]
2021-11-10 08:44:45.351+0000 INFO [o.n.k.i.a.i.IndexPopulationJob] Completed node store scan. Flushing all pending updates.
BatchingMultipleIndexPopulator{activeTasks=1, executor=java.util.concurrent.ThreadPoolExecutor@1990e96[Running, pool size = 1, active threads = 1, queued tasks = 0, completed tasks = 0], batchedUpdates = [0 updates], queuedUpdates = 0}
2021-11-10 08:44:45.351+0000 INFO [o.n.k.i.a.i.IndexPopulationJob] Shutting down executor.
BatchingMultipleIndexPopulator{activeTasks=1, executor=java.util.concurrent.ThreadPoolExecutor@1990e96[Running, pool size = 2, active threads = 1, queued tasks = 0, completed tasks = 1], batchedUpdates = [0 updates], queuedUpdates = 0}
2021-11-10 08:44:45.371+0000 INFO [o.n.k.i.a.i.IndexPopulationJob] Index population completed. Index [:(code) [provider: {key=lucene+native, version=2.0}]] is POPULATING.
2021-11-10 08:44:45.448+0000 INFO [o.n.k.i.a.i.IndexPopulationJob] Index population started: [:(code) [provider: {key=lucene+native, version=2.0}]]
2021-11-10 08:44:45.483+0000 INFO [o.n.k.i.a.i.IndexPopulationJob] Completed node store scan. Flushing all pending updates.
BatchingMultipleIndexPopulator{activeTasks=1, executor=java.util.concurrent.ThreadPoolExecutor@4b902a53[Running, pool size = 1, active threads = 1, queued tasks = 0, completed tasks = 0], batchedUpdates = [0 updates], queuedUpdates = 0}
2021-11-10 08:44:45.484+0000 INFO [o.n.k.i.a.i.IndexPopulationJob] Shutting down executor.
BatchingMultipleIndexPopulator{activeTasks=0, executor=java.util.concurrent.ThreadPoolExecutor@4b902a53[Running, pool size = 2, active threads = 0, queued tasks = 0, completed tasks = 2], batchedUpdates = [0 updates], queuedUpdates = 0}
2021-11-10 08:44:45.502+0000 INFO [o.n.k.i.a.i.IndexPopulationJob] Index population completed. Index [:(code) [provider: {key=lucene+native, version=2.0}]] is POPULATING.
2021-11-10 08:52:21.242+0000 INFO [o.n.k.i.a.i.IndexPopulationJob] Index population started: [:(code) [provider: {key=lucene+native, version=2.0}]]
2021-11-10 08:52:21.280+0000 INFO [o.n.k.i.a.i.IndexPopulationJob] Completed node store scan. Flushing all pending updates.
BatchingMultipleIndexPopulator{activeTasks=1, executor=java.util.concurrent.ThreadPoolExecutor@2a9cd852[Running, pool size = 1, active threads = 1, queued tasks = 0, completed tasks = 0], batchedUpdates = [0 updates], queuedUpdates = 0}
2021-11-10 08:52:21.281+0000 INFO [o.n.k.i.a.i.IndexPopulationJob] Shutting down executor.
BatchingMultipleIndexPopulator{activeTasks=1, executor=java.util.concurrent.ThreadPoolExecutor@2a9cd852[Running, pool size = 2, active threads = 1, queued tasks = 0, completed tasks = 1], batchedUpdates = [0 updates], queuedUpdates = 0}
2021-11-10 08:52:21.330+0000 INFO [o.n.k.i.a.i.IndexPopulationJob] Index population completed. Index [:(code) [provider: {key=lucene+native, version=2.0}]] is POPULATING.
2021-11-10 08:53:15.733+0000 INFO [o.n.k.i.a.i.IndexPopulationJob] Index population started: [:(code) [provider: {key=lucene+native, version=2.0}]]
2021-11-10 08:53:15.764+0000 INFO [o.n.k.i.a.i.IndexPopulationJob] Completed node store scan. Flushing all pending updates.
BatchingMultipleIndexPopulator{activeTasks=1, executor=java.util.concurrent.ThreadPoolExecutor@550d6373[Running, pool size = 1, active threads = 1, queued tasks = 0, completed tasks = 0], batchedUpdates = [0 updates], queuedUpdates = 0}
2021-11-10 08:53:15.765+0000 INFO [o.n.k.i.a.i.IndexPopulationJob] Shutting down executor.
BatchingMultipleIndexPopulator{activeTasks=1, executor=java.util.concurrent.ThreadPoolExecutor@550d6373[Running, pool size = 2, active threads = 1, queued tasks = 0, completed tasks = 1], batchedUpdates = [0 updates], queuedUpdates = 0}
2021-11-10 08:53:15.797+0000 INFO [o.n.k.i.a.i.IndexPopulationJob] Index population completed. Index [:(code) [provider: {key=lucene+native, version=2.0}]] is POPULATING.
2021-11-10 08:53:56.631+0000 INFO [o.n.k.i.a.i.IndexPopulationJob] Index population started: [:(code) [provider: {key=lucene+native, version=2.0}]]
2021-11-10 08:53:56.656+0000 INFO [o.n.k.i.a.i.IndexPopulationJob] Completed node store scan. Flushing all pending updates.
BatchingMultipleIndexPopulator{activeTasks=1, executor=java.util.concurrent.ThreadPoolExecutor@7aaaf493[Running, pool size = 1, active threads = 1, queued tasks = 0, completed tasks = 0], batchedUpdates = [0 updates], queuedUpdates = 0}
2021-11-10 08:53:56.657+0000 INFO [o.n.k.i.a.i.IndexPopulationJob] Shutting down executor.
BatchingMultipleIndexPopulator{activeTasks=1, executor=java.util.concurrent.ThreadPoolExecutor@7aaaf493[Running, pool size = 2, active threads = 1, queued tasks = 0, completed tasks = 1], batchedUpdates = [0 updates], queuedUpdates = 0}
2021-11-10 08:53:56.677+0000 INFO [o.n.k.i.a.i.IndexPopulationJob] Index population completed. Index [:(code) [provider: {key=lucene+native, version=2.0}]] is POPULATING.
2021-11-10 08:55:34.393+0000 INFO [o.n.k.i.t.l.c.CheckPointerImpl] Checkpoint triggered by scheduler for time threshold @ txId: 161 checkpoint started...
2021-11-10 08:55:34.632+0000 INFO [o.n.k.i.s.c.CountsTracker] Rotated counts store at transaction 161 to [/Users/ryobo/Desktop/task3/myapp/db/neo4j/development/data/databases/graph.db/neostore.counts.db.a], from [/Users/ryobo/Desktop/task3/myapp/db/neo4j/development/data/databases/graph.db/neostore.counts.db.b].
2021-11-10 08:55:34.652+0000 INFO [o.n.k.i.t.l.c.CheckPointerImpl] Checkpoint triggered by scheduler for time threshold @ txId: 161 checkpoint completed in 257ms
2021-11-10 08:55:34.653+0000 INFO [o.n.k.i.t.l.p.LogPruningImpl] No log version pruned, last checkpoint was made in version 0
2021-11-10 12:33:02.399+0000 INFO [o.n.k.i.t.l.c.CheckPointerImpl] Checkpoint triggered by scheduler for time threshold @ txId: 202 checkpoint started...
2021-11-10 12:33:02.595+0000 INFO [o.n.k.i.s.c.CountsTracker] Rotated counts store at transaction 203 to [/Users/ryobo/Desktop/task3/myapp/db/neo4j/development/data/databases/graph.db/neostore.counts.db.b], from [/Users/ryobo/Desktop/task3/myapp/db/neo4j/development/data/databases/graph.db/neostore.counts.db.a].
2021-11-10 12:33:02.617+0000 INFO [o.n.k.i.t.l.c.CheckPointerImpl] Checkpoint triggered by scheduler for time threshold @ txId: 202 checkpoint completed in 217ms
2021-11-10 12:33:02.618+0000 INFO [o.n.k.i.t.l.p.LogPruningImpl] No log version pruned, last checkpoint was made in version 0
2021-11-10 12:33:07.395+0000 INFO [o.n.c.i.CommunityCompatibilityFactory] Discarded stale query from the query cache after 10 seconds: MATCH (n:``) WHERE (n.name = {n_name}) RETURN n LIMIT {limit_1}
2021-11-10 12:33:07.396+0000 INFO [o.n.c.i.ExecutionEngine] Discarded stale query from the query cache after 10 seconds: MATCH (n:``) WHERE (n.name = {n_name}) RETURN n LIMIT {limit_1}
2021-11-10 12:33:07.453+0000 INFO [o.n.c.i.CommunityCompatibilityFactory] Discarded stale query from the query cache after 10 seconds: MATCH (n:``) WHERE (n.name = {n_name}) RETURN n LIMIT {limit_1}
2021-11-10 12:33:07.454+0000 INFO [o.n.c.i.ExecutionEngine] Discarded stale query from the query cache after 10 seconds: MATCH (n:``) WHERE (n.name = {n_name}) RETURN n LIMIT {limit_1}
2021-11-10 12:33:10.474+0000 INFO [o.n.c.i.CommunityCompatibilityFactory] Discarded stale query from the query cache after 10 seconds: MATCH (n:``) WHERE (n.name = {n_name}) RETURN n LIMIT {limit_1}
2021-11-10 12:33:10.475+0000 INFO [o.n.c.i.ExecutionEngine] Discarded stale query from the query cache after 10 seconds: MATCH (n:``) WHERE (n.name = {n_name}) RETURN n LIMIT {limit_1}
2021-11-10 12:33:11.292+0000 INFO [o.n.c.i.CommunityCompatibilityFactory] Discarded stale query from the query cache after 10 seconds: MATCH (n:``) WHERE (n.name = {n_name}) RETURN n LIMIT {limit_1}
2021-11-10 12:33:11.293+0000 INFO [o.n.c.i.ExecutionEngine] Discarded stale query from the query cache after 10 seconds: MATCH (n:``) WHERE (n.name = {n_name}) RETURN n LIMIT {limit_1}
2021-11-10 12:33:11.407+0000 INFO [o.n.c.i.CommunityCompatibilityFactory] Discarded stale query from the query cache after 10 seconds: MATCH (n:``) WHERE (n.name = {n_name}) RETURN n LIMIT {limit_1}
2021-11-10 12:33:11.408+0000 INFO [o.n.c.i.ExecutionEngine] Discarded stale query from the query cache after 10 seconds: MATCH (n:``) WHERE (n.name = {n_name}) RETURN n LIMIT {limit_1}
2021-11-10 12:33:11.478+0000 INFO [o.n.c.i.CommunityCompatibilityFactory] Discarded stale query from the query cache after 10 seconds: MATCH (n:``) WHERE (n.name = {n_name}) RETURN n LIMIT {limit_1}
2021-11-10 12:33:11.480+0000 INFO [o.n.c.i.ExecutionEngine] Discarded stale query from the query cache after 10 seconds: MATCH (n:``) WHERE (n.name = {n_name}) RETURN n LIMIT {limit_1}
2021-11-10 12:33:11.543+0000 INFO [o.n.c.i.CommunityCompatibilityFactory] Discarded stale query from the query cache after 10 seconds: MATCH (n:``) WHERE (n.name = {n_name}) RETURN n LIMIT {limit_1}
2021-11-10 12:33:11.544+0000 INFO [o.n.c.i.ExecutionEngine] Discarded stale query from the query cache after 10 seconds: MATCH (n:``) WHERE (n.name = {n_name}) RETURN n LIMIT {limit_1}
2021-11-10 12:33:11.608+0000 INFO [o.n.c.i.CommunityCompatibilityFactory] Discarded stale query from the query cache after 10 seconds: MATCH (n:``) WHERE (n.name = {n_name}) RETURN n LIMIT {limit_1}
2021-11-10 12:33:11.609+0000 INFO [o.n.c.i.ExecutionEngine] Discarded stale query from the query cache after 10 seconds: MATCH (n:``) WHERE (n.name = {n_name}) RETURN n LIMIT {limit_1}
2021-11-10 12:33:11.666+0000 INFO [o.n.c.i.CommunityCompatibilityFactory] Discarded stale query from the query cache after 10 seconds: MATCH (n:``) WHERE (n.name = {n_name}) RETURN n LIMIT {limit_1}
2021-11-10 12:33:11.668+0000 INFO [o.n.c.i.ExecutionEngine] Discarded stale query from the query cache after 10 seconds: MATCH (n:``) WHERE (n.name = {n_name}) RETURN n LIMIT {limit_1}
2021-11-10 12:33:11.735+0000 INFO [o.n.c.i.CommunityCompatibilityFactory] Discarded stale query from the query cache after 10 seconds: MATCH (n:``) WHERE (n.name = {n_name}) RETURN n LIMIT {limit_1}
2021-11-10 12:33:11.737+0000 INFO [o.n.c.i.ExecutionEngine] Discarded stale query from the query cache after 10 seconds: MATCH (n:``) WHERE (n.name = {n_name}) RETURN n LIMIT {limit_1}
2021-11-10 12:33:12.480+0000 INFO [o.n.c.i.CommunityCompatibilityFactory] Discarded stale query from the query cache after 10 seconds: MATCH (n:``) WHERE (n.name = {n_name}) RETURN n LIMIT {limit_1}
2021-11-10 12:33:12.480+0000 INFO [o.n.c.i.ExecutionEngine] Discarded stale query from the query cache after 10 seconds: MATCH (n:``) WHERE (n.name = {n_name}) RETURN n LIMIT {limit_1}
2021-11-10 12:33:28.143+0000 INFO [o.n.c.i.CommunityCompatibilityFactory] Discarded stale query from the query cache after 20 seconds: MATCH (n:``) WHERE (n.name = {n_name}) RETURN n LIMIT {limit_1}
2021-11-10 12:33:28.144+0000 INFO [o.n.c.i.ExecutionEngine] Discarded stale query from the query cache after 20 seconds: MATCH (n:``) WHERE (n.name = {n_name}) RETURN n LIMIT {limit_1}
2021-11-10 12:33:30.983+0000 INFO [o.n.c.i.CommunityCompatibilityFactory] Discarded stale query from the query cache after 20 seconds: MATCH (n:``) WHERE (n.name = {n_name}) RETURN n LIMIT {limit_1}
2021-11-10 12:33:30.986+0000 INFO [o.n.c.i.ExecutionEngine] Discarded stale query from the query cache after 20 seconds: MATCH (n:``) WHERE (n.name = {n_name}) RETURN n LIMIT {limit_1}
2021-11-10 12:33:42.187+0000 INFO [o.n.c.i.CommunityCompatibilityFactory] Discarded stale query from the query cache after 30 seconds: MATCH (n:``) WHERE (n.name = {n_name}) RETURN n LIMIT {limit_1}
2021-11-10 12:33:42.188+0000 INFO [o.n.c.i.ExecutionEngine] Discarded stale query from the query cache after 30 seconds: MATCH (n:``) WHERE (n.name = {n_name}) RETURN n LIMIT {limit_1}
2021-11-10 12:33:42.264+0000 INFO [o.n.c.i.CommunityCompatibilityFactory] Discarded stale query from the query cache after 30 seconds: MATCH (n:``) WHERE (n.name = {n_name}) RETURN n LIMIT {limit_1}
2021-11-10 12:33:42.264+0000 INFO [o.n.c.i.ExecutionEngine] Discarded stale query from the query cache after 30 seconds: MATCH (n:``) WHERE (n.name = {n_name}) RETURN n LIMIT {limit_1}
2021-11-10 12:33:47.532+0000 INFO [o.n.c.i.CommunityCompatibilityFactory] Discarded stale query from the query cache after 13181 seconds: MATCH (n:``) WHERE (n.name IS NULL) RETURN n LIMIT {limit_1}
2021-11-10 12:33:47.532+0000 INFO [o.n.c.i.ExecutionEngine] Discarded stale query from the query cache after 13181 seconds: MATCH (n:``) WHERE (n.name IS NULL) RETURN n LIMIT {limit_1}
2021-11-10 12:33:47.564+0000 INFO [o.n.c.i.CommunityCompatibilityFactory] Discarded stale query from the query cache after 13181 seconds: MATCH (n:``) WHERE (n.name IS NULL) RETURN n LIMIT {limit_1}
2021-11-10 12:33:47.566+0000 INFO [o.n.c.i.ExecutionEngine] Discarded stale query from the query cache after 13181 seconds: MATCH (n:``) WHERE (n.name IS NULL) RETURN n LIMIT {limit_1}
2021-11-10 12:33:47.609+0000 INFO [o.n.c.i.CommunityCompatibilityFactory] Discarded stale query from the query cache after 13181 seconds: MATCH (n:``) WHERE (n.name IS NULL) RETURN n LIMIT {limit_1}
2021-11-10 12:33:47.609+0000 INFO [o.n.c.i.ExecutionEngine] Discarded stale query from the query cache after 13181 seconds: MATCH (n:``) WHERE (n.name IS NULL) RETURN n LIMIT {limit_1}
2021-11-10 12:33:47.638+0000 INFO [o.n.c.i.CommunityCompatibilityFactory] Discarded stale query from the query cache after 13182 seconds: MATCH (n:``) WHERE (n.name IS NULL) RETURN n LIMIT {limit_1}
2021-11-10 12:33:47.639+0000 INFO [o.n.c.i.ExecutionEngine] Discarded stale query from the query cache after 13182 seconds: MATCH (n:``) WHERE (n.name IS NULL) RETURN n LIMIT {limit_1}
2021-11-10 12:33:47.661+0000 INFO [o.n.c.i.CommunityCompatibilityFactory] Discarded stale query from the query cache after 13182 seconds: MATCH (n:``) WHERE (n.name IS NULL) RETURN n LIMIT {limit_1}
2021-11-10 12:33:47.662+0000 INFO [o.n.c.i.ExecutionEngine] Discarded stale query from the query cache after 13182 seconds: MATCH (n:``) WHERE (n.name IS NULL) RETURN n LIMIT {limit_1}
2021-11-10 12:33:47.687+0000 INFO [o.n.c.i.CommunityCompatibilityFactory] Discarded stale query from the query cache after 13182 seconds: MATCH (n:``) WHERE (n.name IS NULL) RETURN n LIMIT {limit_1}
2021-11-10 12:33:47.688+0000 INFO [o.n.c.i.ExecutionEngine] Discarded stale query from the query cache after 13182 seconds: MATCH (n:``) WHERE (n.name IS NULL) RETURN n LIMIT {limit_1}
2021-11-10 12:33:47.710+0000 INFO [o.n.c.i.CommunityCompatibilityFactory] Discarded stale query from the query cache after 13182 seconds: MATCH (n:``) WHERE (n.name IS NULL) RETURN n LIMIT {limit_1}
2021-11-10 12:33:47.710+0000 INFO [o.n.c.i.ExecutionEngine] Discarded stale query from the query cache after 13182 seconds: MATCH (n:``) WHERE (n.name IS NULL) RETURN n LIMIT {limit_1}
2021-11-10 12:33:47.728+0000 INFO [o.n.c.i.CommunityCompatibilityFactory] Discarded stale query from the query cache after 13182 seconds: MATCH (n:``) WHERE (n.name IS NULL) RETURN n LIMIT {limit_1}
2021-11-10 12:33:47.729+0000 INFO [o.n.c.i.ExecutionEngine] Discarded stale query from the query cache after 13182 seconds: MATCH (n:``) WHERE (n.name IS NULL) RETURN n LIMIT {limit_1}
2021-11-10 12:33:47.751+0000 INFO [o.n.c.i.CommunityCompatibilityFactory] Discarded stale query from the query cache after 13182 seconds: MATCH (n:``) WHERE (n.name IS NULL) RETURN n LIMIT {limit_1}
2021-11-10 12:33:47.752+0000 INFO [o.n.c.i.ExecutionEngine] Discarded stale query from the query cache after 13182 seconds: MATCH (n:``) WHERE (n.name IS NULL) RETURN n LIMIT {limit_1}
2021-11-10 12:33:47.770+0000 INFO [o.n.c.i.CommunityCompatibilityFactory] Discarded stale query from the query cache after 13182 seconds: MATCH (n:``) WHERE (n.name IS NULL) RETURN n LIMIT {limit_1}
2021-11-10 12:33:47.771+0000 INFO [o.n.c.i.ExecutionEngine] Discarded stale query from the query cache after 13182 seconds: MATCH (n:``) WHERE (n.name IS NULL) RETURN n LIMIT {limit_1}
2021-11-10 12:33:47.790+0000 INFO [o.n.c.i.CommunityCompatibilityFactory] Discarded stale query from the query cache after 13181 seconds: MATCH (n:``) WHERE (n.name IS NULL) RETURN n LIMIT {limit_1}
2021-11-10 12:33:47.791+0000 INFO [o.n.c.i.ExecutionEngine] Discarded stale query from the query cache after 13181 seconds: MATCH (n:``) WHERE (n.name IS NULL) RETURN n LIMIT {limit_1}
2021-11-10 12:33:47.813+0000 INFO [o.n.c.i.CommunityCompatibilityFactory] Discarded stale query from the query cache after 13181 seconds: MATCH (n:``) WHERE (n.name IS NULL) RETURN n LIMIT {limit_1}
2021-11-10 12:33:47.814+0000 INFO [o.n.c.i.ExecutionEngine] Discarded stale query from the query cache after 13181 seconds: MATCH (n:``) WHERE (n.name IS NULL) RETURN n LIMIT {limit_1}
2021-11-10 12:33:47.864+0000 INFO [o.n.c.i.CommunityCompatibilityFactory] Discarded stale query from the query cache after 13182 seconds: MATCH (n:``) RETURN n
2021-11-10 12:33:47.865+0000 INFO [o.n.c.i.ExecutionEngine] Discarded stale query from the query cache after 13182 seconds: MATCH (n:``) RETURN n
2021-11-10 12:33:47.883+0000 INFO [o.n.c.i.CommunityCompatibilityFactory] Discarded stale query from the query cache after 13182 seconds: MATCH (n:``) RETURN n
2021-11-10 12:33:47.884+0000 INFO [o.n.c.i.ExecutionEngine] Discarded stale query from the query cache after 13182 seconds: MATCH (n:``) RETURN n
2021-11-10 12:33:47.934+0000 INFO [o.n.c.i.CommunityCompatibilityFactory] Discarded stale query from the query cache after 13182 seconds: MATCH (n:``) RETURN n
2021-11-10 12:33:47.935+0000 INFO [o.n.c.i.ExecutionEngine] Discarded stale query from the query cache after 13182 seconds: MATCH (n:``) RETURN n
2021-11-10 12:33:47.951+0000 INFO [o.n.c.i.CommunityCompatibilityFactory] Discarded stale query from the query cache after 13182 seconds: MATCH (n:``) RETURN n
2021-11-10 12:33:47.951+0000 INFO [o.n.c.i.ExecutionEngine] Discarded stale query from the query cache after 13182 seconds: MATCH (n:``) RETURN n
2021-11-10 12:33:47.971+0000 INFO [o.n.c.i.CommunityCompatibilityFactory] Discarded stale query from the query cache after 13182 seconds: MATCH (n:``) RETURN n
2021-11-10 12:33:47.971+0000 INFO [o.n.c.i.ExecutionEngine] Discarded stale query from the query cache after 13182 seconds: MATCH (n:``) RETURN n
2021-11-10 12:33:47.996+0000 INFO [o.n.c.i.CommunityCompatibilityFactory] Discarded stale query from the query cache after 13182 seconds: MATCH (n:``) RETURN n
2021-11-10 12:33:47.996+0000 INFO [o.n.c.i.ExecutionEngine] Discarded stale query from the query cache after 13182 seconds: MATCH (n:``) RETURN n
2021-11-10 12:33:48.011+0000 INFO [o.n.c.i.CommunityCompatibilityFactory] Discarded stale query from the query cache after 13182 seconds: MATCH (n:``) RETURN n
2021-11-10 12:33:48.012+0000 INFO [o.n.c.i.ExecutionEngine] Discarded stale query from the query cache after 13182 seconds: MATCH (n:``) RETURN n
2021-11-10 12:33:48.033+0000 INFO [o.n.c.i.CommunityCompatibilityFactory] Discarded stale query from the query cache after 13181 seconds: MATCH (n:``) RETURN n
2021-11-10 12:33:48.033+0000 INFO [o.n.c.i.ExecutionEngine] Discarded stale query from the query cache after 13181 seconds: MATCH (n:``) RETURN n
2021-11-10 12:33:48.063+0000 INFO [o.n.c.i.CommunityCompatibilityFactory] Discarded stale query from the query cache after 13182 seconds: MATCH (n:``) RETURN n
2021-11-10 12:33:48.063+0000 INFO [o.n.c.i.ExecutionEngine] Discarded stale query from the query cache after 13182 seconds: MATCH (n:``) RETURN n
2021-11-10 12:33:48.109+0000 INFO [o.n.c.i.CommunityCompatibilityFactory] Discarded stale query from the query cache after 13182 seconds: MATCH (n:``) RETURN n
2021-11-10 12:33:48.110+0000 INFO [o.n.c.i.ExecutionEngine] Discarded stale query from the query cache after 13182 seconds: MATCH (n:``) RETURN n
2021-11-10 12:33:48.127+0000 INFO [o.n.c.i.CommunityCompatibilityFactory] Discarded stale query from the query cache after 13182 seconds: MATCH (n:``) RETURN n
2021-11-10 12:33:48.127+0000 INFO [o.n.c.i.ExecutionEngine] Discarded stale query from the query cache after 13182 seconds: MATCH (n:``) RETURN n
2021-11-10 12:33:48.145+0000 INFO [o.n.c.i.CommunityCompatibilityFactory] Discarded stale query from the query cache after 13182 seconds: MATCH (n:``) RETURN n
2021-11-10 12:33:48.146+0000 INFO [o.n.c.i.ExecutionEngine] Discarded stale query from the query cache after 13182 seconds: MATCH (n:``) RETURN n
2021-11-10 12:34:18.468+0000 INFO [o.n.c.i.CommunityCompatibilityFactory] Discarded stale query from the query cache after 13102 seconds: MATCH (n:``) RETURN n LIMIT 25
2021-11-10 12:34:18.470+0000 INFO [o.n.c.i.ExecutionEngine] Discarded stale query from the query cache after 13102 seconds: MATCH (n:``) RETURN n LIMIT 25
